#! /opt/homebrew/Cellar/icarus-verilog/12.0/bin/vvp
:ivl_version "12.0 (stable)";
:ivl_delay_selection "TYPICAL";
:vpi_time_precision + 0;
:vpi_module "/opt/homebrew/Cellar/icarus-verilog/12.0/lib/ivl/system.vpi";
:vpi_module "/opt/homebrew/Cellar/icarus-verilog/12.0/lib/ivl/vhdl_sys.vpi";
:vpi_module "/opt/homebrew/Cellar/icarus-verilog/12.0/lib/ivl/vhdl_textio.vpi";
:vpi_module "/opt/homebrew/Cellar/icarus-verilog/12.0/lib/ivl/v2005_math.vpi";
:vpi_module "/opt/homebrew/Cellar/icarus-verilog/12.0/lib/ivl/va_math.vpi";
S_0x1316cea30 .scope module, "ctrl" "ctrl" 2 4;
 .timescale 0 0;
    .port_info 0 /INPUT 7 "Op";
    .port_info 1 /INPUT 7 "Funct7";
    .port_info 2 /INPUT 3 "Funct3";
    .port_info 3 /INPUT 1 "Zero";
    .port_info 4 /OUTPUT 1 "RegWrite";
    .port_info 5 /OUTPUT 1 "MemWrite";
    .port_info 6 /OUTPUT 6 "EXTOp";
    .port_info 7 /OUTPUT 5 "ALUOp";
    .port_info 8 /OUTPUT 3 "NPCOp";
    .port_info 9 /OUTPUT 1 "ALUSrc";
    .port_info 10 /OUTPUT 2 "GPRSel";
    .port_info 11 /OUTPUT 3 "WDSel";
    .port_info 12 /OUTPUT 3 "DMType";
L_0x1316e3f50 .functor NOT 1, L_0x132013370, C4<0>, C4<0>, C4<0>;
L_0x132013530 .functor AND 1, L_0x1316e3f50, L_0x132013450, C4<1>, C4<1>;
L_0x1320136c0 .functor AND 1, L_0x132013530, L_0x132013620, C4<1>, C4<1>;
L_0x132013910 .functor NOT 1, L_0x1320137f0, C4<0>, C4<0>, C4<0>;
L_0x1320139a0 .functor AND 1, L_0x1320136c0, L_0x132013910, C4<1>, C4<1>;
L_0x132013bb0 .functor NOT 1, L_0x132013ae0, C4<0>, C4<0>, C4<0>;
L_0x132013c60 .functor AND 1, L_0x1320139a0, L_0x132013bb0, C4<1>, C4<1>;
L_0x132013e30 .functor AND 1, L_0x132013c60, L_0x132013d90, C4<1>, C4<1>;
L_0x132014000 .functor AND 1, L_0x132013e30, L_0x132013f20, C4<1>, C4<1>;
L_0x1320141e0 .functor NOT 1, L_0x132014140, C4<0>, C4<0>, C4<0>;
L_0x132014250 .functor AND 1, L_0x132014000, L_0x1320141e0, C4<1>, C4<1>;
L_0x1320144b0 .functor NOT 1, L_0x1320143c0, C4<0>, C4<0>, C4<0>;
L_0x132014520 .functor AND 1, L_0x132014250, L_0x1320144b0, C4<1>, C4<1>;
L_0x132014720 .functor NOT 1, L_0x132014680, C4<0>, C4<0>, C4<0>;
L_0x132014790 .functor AND 1, L_0x132014520, L_0x132014720, C4<1>, C4<1>;
L_0x132014a20 .functor NOT 1, L_0x132014900, C4<0>, C4<0>, C4<0>;
L_0x132014a90 .functor AND 1, L_0x132014790, L_0x132014a20, C4<1>, C4<1>;
L_0x132014880 .functor NOT 1, L_0x132014c10, C4<0>, C4<0>, C4<0>;
L_0x132014cf0 .functor AND 1, L_0x132014a90, L_0x132014880, C4<1>, C4<1>;
L_0x132014b80 .functor NOT 1, L_0x132014e80, C4<0>, C4<0>, C4<0>;
L_0x132014f60 .functor AND 1, L_0x132014cf0, L_0x132014b80, C4<1>, C4<1>;
L_0x132015100 .functor NOT 1, L_0x132014de0, C4<0>, C4<0>, C4<0>;
L_0x1320151b0 .functor AND 1, L_0x132014f60, L_0x132015100, C4<1>, C4<1>;
L_0x132014610 .functor NOT 1, L_0x132015380, C4<0>, C4<0>, C4<0>;
L_0x132015460 .functor AND 1, L_0x1320151b0, L_0x132014610, C4<1>, C4<1>;
L_0x132015300 .functor NOT 1, L_0x132015640, C4<0>, C4<0>, C4<0>;
L_0x132015720 .functor AND 1, L_0x132015460, L_0x132015300, C4<1>, C4<1>;
L_0x132015990 .functor NOT 1, L_0x1320158f0, C4<0>, C4<0>, C4<0>;
L_0x132015050 .functor AND 1, L_0x132015720, L_0x132015990, C4<1>, C4<1>;
L_0x132015810 .functor NOT 1, L_0x132015b90, C4<0>, C4<0>, C4<0>;
L_0x1320149a0 .functor AND 1, L_0x132014000, L_0x132015810, C4<1>, C4<1>;
L_0x132015f10 .functor AND 1, L_0x1320149a0, L_0x132015e70, C4<1>, C4<1>;
L_0x132016020 .functor NOT 1, L_0x132015f80, C4<0>, C4<0>, C4<0>;
L_0x132015d70 .functor AND 1, L_0x132015f10, L_0x132016020, C4<1>, C4<1>;
L_0x132016280 .functor NOT 1, L_0x1320161e0, C4<0>, C4<0>, C4<0>;
L_0x1320160d0 .functor AND 1, L_0x132015d70, L_0x132016280, C4<1>, C4<1>;
L_0x132016510 .functor NOT 1, L_0x132016470, C4<0>, C4<0>, C4<0>;
L_0x132016350 .functor AND 1, L_0x1320160d0, L_0x132016510, C4<1>, C4<1>;
L_0x132016850 .functor NOT 1, L_0x1320166f0, C4<0>, C4<0>, C4<0>;
L_0x132015ae0 .functor AND 1, L_0x132016350, L_0x132016850, C4<1>, C4<1>;
L_0x132016a00 .functor NOT 1, L_0x132016640, C4<0>, C4<0>, C4<0>;
L_0x1320168c0 .functor AND 1, L_0x132015ae0, L_0x132016a00, C4<1>, C4<1>;
L_0x132016df0 .functor NOT 1, L_0x132016c00, C4<0>, C4<0>, C4<0>;
L_0x132016790 .functor AND 1, L_0x1320168c0, L_0x132016df0, C4<1>, C4<1>;
L_0x132016b90 .functor NOT 1, L_0x132016af0, C4<0>, C4<0>, C4<0>;
L_0x132016e60 .functor AND 1, L_0x132016790, L_0x132016b90, C4<1>, C4<1>;
L_0x1320172f0 .functor NOT 1, L_0x132017170, C4<0>, C4<0>, C4<0>;
L_0x132016d20 .functor AND 1, L_0x132016e60, L_0x1320172f0, C4<1>, C4<1>;
L_0x1320170e0 .functor NOT 1, L_0x132017040, C4<0>, C4<0>, C4<0>;
L_0x132017360 .functor AND 1, L_0x132014000, L_0x1320170e0, C4<1>, C4<1>;
L_0x132017450 .functor NOT 1, L_0x1320176b0, C4<0>, C4<0>, C4<0>;
L_0x132017250 .functor AND 1, L_0x132017360, L_0x132017450, C4<1>, C4<1>;
L_0x132017640 .functor NOT 1, L_0x1320175a0, C4<0>, C4<0>, C4<0>;
L_0x132017950 .functor AND 1, L_0x132017250, L_0x132017640, C4<1>, C4<1>;
L_0x132017a60 .functor NOT 1, L_0x132017ce0, C4<0>, C4<0>, C4<0>;
L_0x132017b30 .functor AND 1, L_0x132017950, L_0x132017a60, C4<1>, C4<1>;
L_0x132017f80 .functor NOT 1, L_0x132017c20, C4<0>, C4<0>, C4<0>;
L_0x132017dc0 .functor AND 1, L_0x132017b30, L_0x132017f80, C4<1>, C4<1>;
L_0x132015c30 .functor NOT 1, L_0x132017eb0, C4<0>, C4<0>, C4<0>;
L_0x132018030 .functor AND 1, L_0x132017dc0, L_0x132015c30, C4<1>, C4<1>;
L_0x132018180 .functor NOT 1, L_0x1320180e0, C4<0>, C4<0>, C4<0>;
L_0x132018310 .functor AND 1, L_0x132018030, L_0x132018180, C4<1>, C4<1>;
L_0x1320181f0 .functor AND 1, L_0x132018310, L_0x132018420, C4<1>, C4<1>;
L_0x132018a40 .functor AND 1, L_0x1320181f0, L_0x132018530, C4<1>, C4<1>;
L_0x132018710 .functor NOT 1, L_0x132018ab0, C4<0>, C4<0>, C4<0>;
L_0x132018780 .functor AND 1, L_0x132018a40, L_0x132018710, C4<1>, C4<1>;
L_0x132018930 .functor NOT 1, L_0x132018890, C4<0>, C4<0>, C4<0>;
L_0x132018ea0 .functor AND 1, L_0x132014000, L_0x132018930, C4<1>, C4<1>;
L_0x132018b50 .functor NOT 1, L_0x132018f10, C4<0>, C4<0>, C4<0>;
L_0x132018c20 .functor AND 1, L_0x132018ea0, L_0x132018b50, C4<1>, C4<1>;
L_0x132018dd0 .functor NOT 1, L_0x132018d30, C4<0>, C4<0>, C4<0>;
L_0x132019330 .functor AND 1, L_0x132018c20, L_0x132018dd0, C4<1>, C4<1>;
L_0x132018fb0 .functor NOT 1, L_0x132019420, C4<0>, C4<0>, C4<0>;
L_0x132019060 .functor AND 1, L_0x132019330, L_0x132018fb0, C4<1>, C4<1>;
L_0x132019210 .functor NOT 1, L_0x132019170, C4<0>, C4<0>, C4<0>;
L_0x1320192c0 .functor AND 1, L_0x132019060, L_0x132019210, C4<1>, C4<1>;
L_0x1320194c0 .functor NOT 1, L_0x132019910, C4<0>, C4<0>, C4<0>;
L_0x132019570 .functor AND 1, L_0x1320192c0, L_0x1320194c0, C4<1>, C4<1>;
L_0x132019720 .functor NOT 1, L_0x132019680, C4<0>, C4<0>, C4<0>;
L_0x1320197f0 .functor AND 1, L_0x132019570, L_0x132019720, C4<1>, C4<1>;
L_0x1320199b0 .functor AND 1, L_0x1320197f0, L_0x132019e10, C4<1>, C4<1>;
L_0x132019b60 .functor AND 1, L_0x1320199b0, L_0x132019ac0, C4<1>, C4<1>;
L_0x132019d10 .functor AND 1, L_0x132019b60, L_0x132019c70, C4<1>, C4<1>;
L_0x132019ff0 .functor NOT 1, L_0x132019f50, C4<0>, C4<0>, C4<0>;
L_0x13201a0a0 .functor AND 1, L_0x132014000, L_0x132019ff0, C4<1>, C4<1>;
L_0x13201a210 .functor NOT 1, L_0x13201a170, C4<0>, C4<0>, C4<0>;
L_0x13201a2e0 .functor AND 1, L_0x13201a0a0, L_0x13201a210, C4<1>, C4<1>;
L_0x13201a490 .functor NOT 1, L_0x13201a3f0, C4<0>, C4<0>, C4<0>;
L_0x13201a540 .functor AND 1, L_0x13201a2e0, L_0x13201a490, C4<1>, C4<1>;
L_0x13201a650 .functor NOT 1, L_0x13201ab40, C4<0>, C4<0>, C4<0>;
L_0x13201a6c0 .functor AND 1, L_0x13201a540, L_0x13201a650, C4<1>, C4<1>;
L_0x13201a850 .functor NOT 1, L_0x13201a7b0, C4<0>, C4<0>, C4<0>;
L_0x13201a900 .functor AND 1, L_0x13201a6c0, L_0x13201a850, C4<1>, C4<1>;
L_0x13201aab0 .functor NOT 1, L_0x13201aa10, C4<0>, C4<0>, C4<0>;
L_0x132017790 .functor AND 1, L_0x13201a900, L_0x13201aab0, C4<1>, C4<1>;
L_0x132017880 .functor NOT 1, L_0x13201abe0, C4<0>, C4<0>, C4<0>;
L_0x13201acc0 .functor AND 1, L_0x132017790, L_0x132017880, C4<1>, C4<1>;
L_0x13201ae70 .functor AND 1, L_0x13201acc0, L_0x13201add0, C4<1>, C4<1>;
L_0x13201b550 .functor NOT 1, L_0x13201af80, C4<0>, C4<0>, C4<0>;
L_0x13201b060 .functor AND 1, L_0x13201ae70, L_0x13201b550, C4<1>, C4<1>;
L_0x13201b210 .functor NOT 1, L_0x13201b170, C4<0>, C4<0>, C4<0>;
L_0x13201b2c0 .functor AND 1, L_0x13201b060, L_0x13201b210, C4<1>, C4<1>;
L_0x13201b470 .functor NOT 1, L_0x13201b3d0, C4<0>, C4<0>, C4<0>;
L_0x13201b5c0 .functor AND 1, L_0x132014000, L_0x13201b470, C4<1>, C4<1>;
L_0x13201b710 .functor NOT 1, L_0x13201b670, C4<0>, C4<0>, C4<0>;
L_0x13201b7e0 .functor AND 1, L_0x13201b5c0, L_0x13201b710, C4<1>, C4<1>;
L_0x13201b990 .functor NOT 1, L_0x13201b8f0, C4<0>, C4<0>, C4<0>;
L_0x13201ba40 .functor AND 1, L_0x13201b7e0, L_0x13201b990, C4<1>, C4<1>;
L_0x13201bde0 .functor NOT 1, L_0x13201bb50, C4<0>, C4<0>, C4<0>;
L_0x13201be90 .functor AND 1, L_0x13201ba40, L_0x13201bde0, C4<1>, C4<1>;
L_0x13201c3e0 .functor NOT 1, L_0x13201c340, C4<0>, C4<0>, C4<0>;
L_0x13201bfa0 .functor AND 1, L_0x13201be90, L_0x13201c3e0, C4<1>, C4<1>;
L_0x13201bbf0 .functor NOT 1, L_0x13201c0b0, C4<0>, C4<0>, C4<0>;
L_0x13201bca0 .functor AND 1, L_0x13201bfa0, L_0x13201bbf0, C4<1>, C4<1>;
L_0x13201c1f0 .functor NOT 1, L_0x13201c150, C4<0>, C4<0>, C4<0>;
L_0x13201c2a0 .functor AND 1, L_0x13201bca0, L_0x13201c1f0, C4<1>, C4<1>;
L_0x1320185d0 .functor NOT 1, L_0x13201c510, C4<0>, C4<0>, C4<0>;
L_0x13201c7b0 .functor AND 1, L_0x13201c2a0, L_0x1320185d0, C4<1>, C4<1>;
L_0x13201c900 .functor NOT 1, L_0x13201c860, C4<0>, C4<0>, C4<0>;
L_0x13201c9b0 .functor AND 1, L_0x13201c7b0, L_0x13201c900, C4<1>, C4<1>;
L_0x13201cd80 .functor AND 1, L_0x13201c9b0, L_0x13201cac0, C4<1>, C4<1>;
L_0x13201cf30 .functor AND 1, L_0x132014000, L_0x13201ce90, C4<1>, C4<1>;
L_0x1320173d0 .functor NOT 1, L_0x13201d4d0, C4<0>, C4<0>, C4<0>;
L_0x13201cbc0 .functor AND 1, L_0x13201cf30, L_0x1320173d0, C4<1>, C4<1>;
L_0x13201cfc0 .functor NOT 1, L_0x13201ccd0, C4<0>, C4<0>, C4<0>;
L_0x13201d070 .functor AND 1, L_0x13201cbc0, L_0x13201cfc0, C4<1>, C4<1>;
L_0x13201d220 .functor NOT 1, L_0x13201d180, C4<0>, C4<0>, C4<0>;
L_0x13201d2d0 .functor AND 1, L_0x13201d070, L_0x13201d220, C4<1>, C4<1>;
L_0x13201d690 .functor NOT 1, L_0x13201d5f0, C4<0>, C4<0>, C4<0>;
L_0x13201d740 .functor AND 1, L_0x13201d2d0, L_0x13201d690, C4<1>, C4<1>;
L_0x13201d8d0 .functor NOT 1, L_0x13201d830, C4<0>, C4<0>, C4<0>;
L_0x13201d980 .functor AND 1, L_0x13201d740, L_0x13201d8d0, C4<1>, C4<1>;
L_0x13201dde0 .functor NOT 1, L_0x13201da90, C4<0>, C4<0>, C4<0>;
L_0x13201de50 .functor AND 1, L_0x13201d980, L_0x13201dde0, C4<1>, C4<1>;
L_0x13201db90 .functor AND 1, L_0x13201de50, L_0x13201df40, C4<1>, C4<1>;
L_0x13201dd40 .functor NOT 1, L_0x13201dca0, C4<0>, C4<0>, C4<0>;
L_0x13201e280 .functor AND 1, L_0x13201db90, L_0x13201dd40, C4<1>, C4<1>;
L_0x13201dfe0 .functor AND 1, L_0x13201e280, L_0x13201e370, C4<1>, C4<1>;
L_0x13201e190 .functor AND 1, L_0x132014000, L_0x13201e0f0, C4<1>, C4<1>;
L_0x13201e410 .functor NOT 1, L_0x13201e6c0, C4<0>, C4<0>, C4<0>;
L_0x13201e4c0 .functor AND 1, L_0x13201e190, L_0x13201e410, C4<1>, C4<1>;
L_0x13201e9e0 .functor NOT 1, L_0x13201e5d0, C4<0>, C4<0>, C4<0>;
L_0x13201ea90 .functor AND 1, L_0x13201e4c0, L_0x13201e9e0, C4<1>, C4<1>;
L_0x13201e760 .functor NOT 1, L_0x13201eba0, C4<0>, C4<0>, C4<0>;
L_0x13201e810 .functor AND 1, L_0x13201ea90, L_0x13201e760, C4<1>, C4<1>;
L_0x13201eed0 .functor NOT 1, L_0x13201e920, C4<0>, C4<0>, C4<0>;
L_0x13201ef80 .functor AND 1, L_0x13201e810, L_0x13201eed0, C4<1>, C4<1>;
L_0x13201ec40 .functor NOT 1, L_0x13201f070, C4<0>, C4<0>, C4<0>;
L_0x13201ecf0 .functor AND 1, L_0x13201ef80, L_0x13201ec40, C4<1>, C4<1>;
L_0x13201f3b0 .functor NOT 1, L_0x13201ee00, C4<0>, C4<0>, C4<0>;
L_0x13201f460 .functor AND 1, L_0x13201ecf0, L_0x13201f3b0, C4<1>, C4<1>;
L_0x13201f110 .functor AND 1, L_0x13201f460, L_0x13201f550, C4<1>, C4<1>;
L_0x13201f2c0 .functor NOT 1, L_0x13201f220, C4<0>, C4<0>, C4<0>;
L_0x13201f8a0 .functor AND 1, L_0x13201f110, L_0x13201f2c0, C4<1>, C4<1>;
L_0x13201f5f0 .functor AND 1, L_0x13201f8a0, L_0x13201f990, C4<1>, C4<1>;
L_0x13201f780 .functor NOT 1, L_0x13201f6e0, C4<0>, C4<0>, C4<0>;
L_0x13201f830 .functor AND 1, L_0x132014000, L_0x13201f780, C4<1>, C4<1>;
L_0x13201fa30 .functor NOT 1, L_0x13201fd50, C4<0>, C4<0>, C4<0>;
L_0x13201fb00 .functor AND 1, L_0x13201f830, L_0x13201fa30, C4<1>, C4<1>;
L_0x1320200c0 .functor NOT 1, L_0x13201fc10, C4<0>, C4<0>, C4<0>;
L_0x132020130 .functor AND 1, L_0x13201fb00, L_0x1320200c0, C4<1>, C4<1>;
L_0x13201fdf0 .functor NOT 1, L_0x132020240, C4<0>, C4<0>, C4<0>;
L_0x13201fea0 .functor AND 1, L_0x132020130, L_0x13201fdf0, C4<1>, C4<1>;
L_0x132020050 .functor NOT 1, L_0x13201ffb0, C4<0>, C4<0>, C4<0>;
L_0x132020600 .functor AND 1, L_0x13201fea0, L_0x132020050, C4<1>, C4<1>;
L_0x1320202e0 .functor NOT 1, L_0x132020710, C4<0>, C4<0>, C4<0>;
L_0x132020390 .functor AND 1, L_0x132020600, L_0x1320202e0, C4<1>, C4<1>;
L_0x132020540 .functor NOT 1, L_0x1320204a0, C4<0>, C4<0>, C4<0>;
L_0x132020ae0 .functor AND 1, L_0x132020390, L_0x132020540, C4<1>, C4<1>;
L_0x1320207b0 .functor NOT 1, L_0x132020bf0, C4<0>, C4<0>, C4<0>;
L_0x132020860 .functor AND 1, L_0x132020ae0, L_0x1320207b0, C4<1>, C4<1>;
L_0x132020a10 .functor AND 1, L_0x132020860, L_0x132020970, C4<1>, C4<1>;
L_0x132020c90 .functor NOT 1, L_0x132021010, C4<0>, C4<0>, C4<0>;
L_0x132020d40 .functor AND 1, L_0x132020a10, L_0x132020c90, C4<1>, C4<1>;
L_0x132020ef0 .functor NOT 1, L_0x132020e50, C4<0>, C4<0>, C4<0>;
L_0x132021400 .functor AND 1, L_0x132014000, L_0x132020ef0, C4<1>, C4<1>;
L_0x1320210b0 .functor NOT 1, L_0x1320214b0, C4<0>, C4<0>, C4<0>;
L_0x132021180 .functor AND 1, L_0x132021400, L_0x1320210b0, C4<1>, C4<1>;
L_0x132021330 .functor NOT 1, L_0x132021290, C4<0>, C4<0>, C4<0>;
L_0x1320218b0 .functor AND 1, L_0x132021180, L_0x132021330, C4<1>, C4<1>;
L_0x132021550 .functor NOT 1, L_0x1320219a0, C4<0>, C4<0>, C4<0>;
L_0x132021600 .functor AND 1, L_0x1320218b0, L_0x132021550, C4<1>, C4<1>;
L_0x1320217b0 .functor NOT 1, L_0x132021710, C4<0>, C4<0>, C4<0>;
L_0x132021d70 .functor AND 1, L_0x132021600, L_0x1320217b0, C4<1>, C4<1>;
L_0x132021a40 .functor NOT 1, L_0x132021e80, C4<0>, C4<0>, C4<0>;
L_0x132021af0 .functor AND 1, L_0x132021d70, L_0x132021a40, C4<1>, C4<1>;
L_0x132021ca0 .functor NOT 1, L_0x132021c00, C4<0>, C4<0>, C4<0>;
L_0x132022260 .functor AND 1, L_0x132021af0, L_0x132021ca0, C4<1>, C4<1>;
L_0x132021f20 .functor NOT 1, L_0x132022350, C4<0>, C4<0>, C4<0>;
L_0x132021fd0 .functor AND 1, L_0x132022260, L_0x132021f20, C4<1>, C4<1>;
L_0x132022180 .functor AND 1, L_0x132021fd0, L_0x1320220e0, C4<1>, C4<1>;
L_0x1320223f0 .functor AND 1, L_0x132022180, L_0x132022780, C4<1>, C4<1>;
L_0x1320226a0 .functor NOT 1, L_0x132022500, C4<0>, C4<0>, C4<0>;
L_0x132022820 .functor NOT 1, L_0x132022b80, C4<0>, C4<0>, C4<0>;
L_0x132022890 .functor AND 1, L_0x1320226a0, L_0x132022820, C4<1>, C4<1>;
L_0x132022a40 .functor NOT 1, L_0x1320229a0, C4<0>, C4<0>, C4<0>;
L_0x132022af0 .functor AND 1, L_0x132022890, L_0x132022a40, C4<1>, C4<1>;
L_0x132022c20 .functor NOT 1, L_0x132023010, C4<0>, C4<0>, C4<0>;
L_0x132022cd0 .functor AND 1, L_0x132022af0, L_0x132022c20, C4<1>, C4<1>;
L_0x132022e80 .functor NOT 1, L_0x132022de0, C4<0>, C4<0>, C4<0>;
L_0x132023430 .functor AND 1, L_0x132022cd0, L_0x132022e80, C4<1>, C4<1>;
L_0x1320230b0 .functor AND 1, L_0x132023430, L_0x1320234e0, C4<1>, C4<1>;
L_0x132023260 .functor AND 1, L_0x1320230b0, L_0x1320231c0, C4<1>, C4<1>;
L_0x132023920 .functor NOT 1, L_0x132023370, C4<0>, C4<0>, C4<0>;
L_0x1320239d0 .functor AND 1, L_0x132023260, L_0x132023920, C4<1>, C4<1>;
L_0x13201c5b0 .functor NOT 1, L_0x132023ac0, C4<0>, C4<0>, C4<0>;
L_0x13201c660 .functor AND 1, L_0x1320239d0, L_0x13201c5b0, C4<1>, C4<1>;
L_0x132023580 .functor NOT 1, L_0x132023b60, C4<0>, C4<0>, C4<0>;
L_0x1320235f0 .functor AND 1, L_0x13201c660, L_0x132023580, C4<1>, C4<1>;
L_0x1320237a0 .functor NOT 1, L_0x132023700, C4<0>, C4<0>, C4<0>;
L_0x132023850 .functor AND 1, L_0x132023260, L_0x1320237a0, C4<1>, C4<1>;
L_0x132023c00 .functor NOT 1, L_0x132023fb0, C4<0>, C4<0>, C4<0>;
L_0x132023cd0 .functor AND 1, L_0x132023850, L_0x132023c00, C4<1>, C4<1>;
L_0x132023e80 .functor AND 1, L_0x132023cd0, L_0x132023de0, C4<1>, C4<1>;
L_0x132024050 .functor NOT 1, L_0x132024410, C4<0>, C4<0>, C4<0>;
L_0x132024100 .functor AND 1, L_0x132023260, L_0x132024050, C4<1>, C4<1>;
L_0x132024290 .functor AND 1, L_0x132024100, L_0x1320241f0, C4<1>, C4<1>;
L_0x1320244b0 .functor NOT 1, L_0x132024880, C4<0>, C4<0>, C4<0>;
L_0x132024520 .functor AND 1, L_0x132024290, L_0x1320244b0, C4<1>, C4<1>;
L_0x1320246d0 .functor AND 1, L_0x132023260, L_0x132024630, C4<1>, C4<1>;
L_0x132024d10 .functor NOT 1, L_0x1320247a0, C4<0>, C4<0>, C4<0>;
L_0x132024dc0 .functor AND 1, L_0x1320246d0, L_0x132024d10, C4<1>, C4<1>;
L_0x132024f50 .functor NOT 1, L_0x132024eb0, C4<0>, C4<0>, C4<0>;
L_0x132025000 .functor AND 1, L_0x132024dc0, L_0x132024f50, C4<1>, C4<1>;
L_0x132024920 .functor AND 1, L_0x132023260, L_0x132025110, C4<1>, C4<1>;
L_0x132024a90 .functor NOT 1, L_0x1320249f0, C4<0>, C4<0>, C4<0>;
L_0x132024b60 .functor AND 1, L_0x132024920, L_0x132024a90, C4<1>, C4<1>;
L_0x1320251b0 .functor AND 1, L_0x132024b60, L_0x132024c70, C4<1>, C4<1>;
L_0x132025360 .functor NOT 1, L_0x1320252c0, C4<0>, C4<0>, C4<0>;
L_0x1320225a0 .functor NOT 1, L_0x132025410, C4<0>, C4<0>, C4<0>;
L_0x1320256b0 .functor AND 1, L_0x132025360, L_0x1320225a0, C4<1>, C4<1>;
L_0x132025840 .functor AND 1, L_0x1320256b0, L_0x1320257a0, C4<1>, C4<1>;
L_0x1320259f0 .functor NOT 1, L_0x132025950, C4<0>, C4<0>, C4<0>;
L_0x132025aa0 .functor AND 1, L_0x132025840, L_0x1320259f0, C4<1>, C4<1>;
L_0x132025c50 .functor NOT 1, L_0x132025bb0, C4<0>, C4<0>, C4<0>;
L_0x132025d00 .functor AND 1, L_0x132025aa0, L_0x132025c50, C4<1>, C4<1>;
L_0x132025eb0 .functor AND 1, L_0x132025d00, L_0x132025e10, C4<1>, C4<1>;
L_0x132026060 .functor AND 1, L_0x132025eb0, L_0x132025fc0, C4<1>, C4<1>;
L_0x132026210 .functor NOT 1, L_0x132026170, C4<0>, C4<0>, C4<0>;
L_0x1320262c0 .functor AND 1, L_0x132026060, L_0x132026210, C4<1>, C4<1>;
L_0x132026470 .functor NOT 1, L_0x1320263d0, C4<0>, C4<0>, C4<0>;
L_0x132026520 .functor AND 1, L_0x1320262c0, L_0x132026470, C4<1>, C4<1>;
L_0x1320266d0 .functor NOT 1, L_0x132026630, C4<0>, C4<0>, C4<0>;
L_0x132026780 .functor AND 1, L_0x132026520, L_0x1320266d0, C4<1>, C4<1>;
L_0x132026930 .functor AND 1, L_0x132026060, L_0x132026890, C4<1>, C4<1>;
L_0x132026aa0 .functor AND 1, L_0x132026930, L_0x132026a00, C4<1>, C4<1>;
L_0x132026c70 .functor NOT 1, L_0x132026bd0, C4<0>, C4<0>, C4<0>;
L_0x132026d20 .functor AND 1, L_0x132026aa0, L_0x132026c70, C4<1>, C4<1>;
L_0x132026ed0 .functor AND 1, L_0x132026060, L_0x132026e30, C4<1>, C4<1>;
L_0x132027080 .functor NOT 1, L_0x132026fe0, C4<0>, C4<0>, C4<0>;
L_0x132027150 .functor AND 1, L_0x132026ed0, L_0x132027080, C4<1>, C4<1>;
L_0x132027300 .functor NOT 1, L_0x132027260, C4<0>, C4<0>, C4<0>;
L_0x1320273b0 .functor AND 1, L_0x132027150, L_0x132027300, C4<1>, C4<1>;
L_0x132027560 .functor AND 1, L_0x132026060, L_0x1320274c0, C4<1>, C4<1>;
L_0x1320276d0 .functor AND 1, L_0x132027560, L_0x132027630, C4<1>, C4<1>;
L_0x1320278a0 .functor AND 1, L_0x1320276d0, L_0x132027800, C4<1>, C4<1>;
L_0x132027a50 .functor NOT 1, L_0x1320279b0, C4<0>, C4<0>, C4<0>;
L_0x132027b00 .functor AND 1, L_0x132026060, L_0x132027a50, C4<1>, C4<1>;
L_0x132027c70 .functor AND 1, L_0x132027b00, L_0x132027bd0, C4<1>, C4<1>;
L_0x132027e40 .functor NOT 1, L_0x132027da0, C4<0>, C4<0>, C4<0>;
L_0x132027ef0 .functor AND 1, L_0x132027c70, L_0x132027e40, C4<1>, C4<1>;
L_0x1320280a0 .functor NOT 1, L_0x132028000, C4<0>, C4<0>, C4<0>;
L_0x132028150 .functor AND 1, L_0x132027ef0, L_0x1320280a0, C4<1>, C4<1>;
L_0x132028300 .functor NOT 1, L_0x132028260, C4<0>, C4<0>, C4<0>;
L_0x1320283b0 .functor AND 1, L_0x132028150, L_0x132028300, C4<1>, C4<1>;
L_0x132028560 .functor NOT 1, L_0x1320284c0, C4<0>, C4<0>, C4<0>;
L_0x132028610 .functor AND 1, L_0x1320283b0, L_0x132028560, C4<1>, C4<1>;
L_0x1320287c0 .functor NOT 1, L_0x132028720, C4<0>, C4<0>, C4<0>;
L_0x132028870 .functor AND 1, L_0x132028610, L_0x1320287c0, C4<1>, C4<1>;
L_0x132028a20 .functor AND 1, L_0x132028870, L_0x132028980, C4<1>, C4<1>;
L_0x132028bd0 .functor NOT 1, L_0x132028b30, C4<0>, C4<0>, C4<0>;
L_0x132028c80 .functor AND 1, L_0x132028a20, L_0x132028bd0, C4<1>, C4<1>;
L_0x132028e30 .functor AND 1, L_0x132028c80, L_0x132028d90, C4<1>, C4<1>;
L_0x132028fe0 .functor NOT 1, L_0x132028f40, C4<0>, C4<0>, C4<0>;
L_0x132029090 .functor AND 1, L_0x132026060, L_0x132028fe0, C4<1>, C4<1>;
L_0x132029200 .functor NOT 1, L_0x132029160, C4<0>, C4<0>, C4<0>;
L_0x1320292d0 .functor AND 1, L_0x132029090, L_0x132029200, C4<1>, C4<1>;
L_0x132029480 .functor NOT 1, L_0x1320293e0, C4<0>, C4<0>, C4<0>;
L_0x132029530 .functor AND 1, L_0x1320292d0, L_0x132029480, C4<1>, C4<1>;
L_0x1320296e0 .functor NOT 1, L_0x132029640, C4<0>, C4<0>, C4<0>;
L_0x132029790 .functor AND 1, L_0x132029530, L_0x1320296e0, C4<1>, C4<1>;
L_0x132029940 .functor NOT 1, L_0x1320298a0, C4<0>, C4<0>, C4<0>;
L_0x1320299f0 .functor AND 1, L_0x132029790, L_0x132029940, C4<1>, C4<1>;
L_0x132029ba0 .functor NOT 1, L_0x132029b00, C4<0>, C4<0>, C4<0>;
L_0x132029c50 .functor AND 1, L_0x1320299f0, L_0x132029ba0, C4<1>, C4<1>;
L_0x132029e00 .functor NOT 1, L_0x132029d60, C4<0>, C4<0>, C4<0>;
L_0x132029eb0 .functor AND 1, L_0x132029c50, L_0x132029e00, C4<1>, C4<1>;
L_0x13202a060 .functor AND 1, L_0x132029eb0, L_0x132029fc0, C4<1>, C4<1>;
L_0x13202a210 .functor NOT 1, L_0x13202a170, C4<0>, C4<0>, C4<0>;
L_0x13202a2c0 .functor AND 1, L_0x13202a060, L_0x13202a210, C4<1>, C4<1>;
L_0x13202a470 .functor AND 1, L_0x13202a2c0, L_0x13202a3d0, C4<1>, C4<1>;
L_0x13202a620 .functor NOT 1, L_0x13202a580, C4<0>, C4<0>, C4<0>;
L_0x13202a6d0 .functor AND 1, L_0x132026060, L_0x13202a620, C4<1>, C4<1>;
L_0x132026f60 .functor NOT 1, L_0x13202a8a0, C4<0>, C4<0>, C4<0>;
L_0x13202a9a0 .functor AND 1, L_0x13202a6d0, L_0x132026f60, C4<1>, C4<1>;
L_0x13202ab50 .functor NOT 1, L_0x13202aab0, C4<0>, C4<0>, C4<0>;
L_0x13202ac00 .functor AND 1, L_0x13202a9a0, L_0x13202ab50, C4<1>, C4<1>;
L_0x13202adb0 .functor NOT 1, L_0x13202ad10, C4<0>, C4<0>, C4<0>;
L_0x13202ae60 .functor AND 1, L_0x13202ac00, L_0x13202adb0, C4<1>, C4<1>;
L_0x13202b010 .functor NOT 1, L_0x13202af70, C4<0>, C4<0>, C4<0>;
L_0x13202b0c0 .functor AND 1, L_0x13202ae60, L_0x13202b010, C4<1>, C4<1>;
L_0x13202b270 .functor NOT 1, L_0x13202b1d0, C4<0>, C4<0>, C4<0>;
L_0x13202b320 .functor AND 1, L_0x13202b0c0, L_0x13202b270, C4<1>, C4<1>;
L_0x13202b4d0 .functor NOT 1, L_0x13202b430, C4<0>, C4<0>, C4<0>;
L_0x13202b580 .functor AND 1, L_0x13202b320, L_0x13202b4d0, C4<1>, C4<1>;
L_0x13202b730 .functor NOT 1, L_0x13202b690, C4<0>, C4<0>, C4<0>;
L_0x13202b7e0 .functor AND 1, L_0x13202b580, L_0x13202b730, C4<1>, C4<1>;
L_0x13202b990 .functor NOT 1, L_0x13202b8f0, C4<0>, C4<0>, C4<0>;
L_0x13202ba40 .functor AND 1, L_0x13202b7e0, L_0x13202b990, C4<1>, C4<1>;
L_0x13202bbf0 .functor AND 1, L_0x13202ba40, L_0x13202bb50, C4<1>, C4<1>;
L_0x13202bda0 .functor NOT 1, L_0x13202bd00, C4<0>, C4<0>, C4<0>;
L_0x13202be50 .functor AND 1, L_0x132026060, L_0x13202bda0, C4<1>, C4<1>;
L_0x13202bfc0 .functor AND 1, L_0x13202be50, L_0x13202bf20, C4<1>, C4<1>;
L_0x13202c190 .functor NOT 1, L_0x13202c0f0, C4<0>, C4<0>, C4<0>;
L_0x13202c240 .functor AND 1, L_0x13202bfc0, L_0x13202c190, C4<1>, C4<1>;
L_0x13202c3f0 .functor NOT 1, L_0x13202c350, C4<0>, C4<0>, C4<0>;
L_0x13202c4a0 .functor AND 1, L_0x132026060, L_0x13202c3f0, C4<1>, C4<1>;
L_0x13202c610 .functor AND 1, L_0x13202c4a0, L_0x13202c570, C4<1>, C4<1>;
L_0x13202c7e0 .functor AND 1, L_0x13202c610, L_0x13202c740, C4<1>, C4<1>;
L_0x13202ca30 .functor AND 1, L_0x13202c8f0, L_0x13202c990, C4<1>, C4<1>;
L_0x13202cc00 .functor NOT 1, L_0x13202cb60, C4<0>, C4<0>, C4<0>;
L_0x13202ccb0 .functor AND 1, L_0x13202ca30, L_0x13202cc00, C4<1>, C4<1>;
L_0x13202ce60 .functor NOT 1, L_0x13202cdc0, C4<0>, C4<0>, C4<0>;
L_0x13202cf10 .functor AND 1, L_0x13202ccb0, L_0x13202ce60, C4<1>, C4<1>;
L_0x13202d0c0 .functor AND 1, L_0x13202cf10, L_0x13202d020, C4<1>, C4<1>;
L_0x13202d270 .functor AND 1, L_0x13202d0c0, L_0x13202d1d0, C4<1>, C4<1>;
L_0x13202d420 .functor AND 1, L_0x13202d270, L_0x13202d380, C4<1>, C4<1>;
L_0x13202d5d0 .functor NOT 1, L_0x13202d530, C4<0>, C4<0>, C4<0>;
L_0x13202d720 .functor AND 1, L_0x13202d5d0, L_0x13202d680, C4<1>, C4<1>;
L_0x13202d8f0 .functor NOT 1, L_0x13202d850, C4<0>, C4<0>, C4<0>;
L_0x13202d9a0 .functor AND 1, L_0x13202d720, L_0x13202d8f0, C4<1>, C4<1>;
L_0x1320254b0 .functor NOT 1, L_0x13202dab0, C4<0>, C4<0>, C4<0>;
L_0x132025560 .functor AND 1, L_0x13202d9a0, L_0x1320254b0, C4<1>, C4<1>;
L_0x13202dbf0 .functor NOT 1, L_0x13202db50, C4<0>, C4<0>, C4<0>;
L_0x13202dc60 .functor AND 1, L_0x132025560, L_0x13202dbf0, C4<1>, C4<1>;
L_0x13202de10 .functor AND 1, L_0x13202dc60, L_0x13202dd70, C4<1>, C4<1>;
L_0x13202dfc0 .functor AND 1, L_0x13202de10, L_0x13202df20, C4<1>, C4<1>;
L_0x13202e170 .functor NOT 1, L_0x13202e0d0, C4<0>, C4<0>, C4<0>;
L_0x13202e220 .functor AND 1, L_0x13202dfc0, L_0x13202e170, C4<1>, C4<1>;
L_0x13202e3d0 .functor AND 1, L_0x13202e220, L_0x13202e330, C4<1>, C4<1>;
L_0x13202e580 .functor NOT 1, L_0x13202e4e0, C4<0>, C4<0>, C4<0>;
L_0x13202e630 .functor AND 1, L_0x13202e3d0, L_0x13202e580, C4<1>, C4<1>;
L_0x13202e7e0 .functor NOT 1, L_0x13202e740, C4<0>, C4<0>, C4<0>;
L_0x13202e890 .functor AND 1, L_0x13202dfc0, L_0x13202e7e0, C4<1>, C4<1>;
L_0x13202ea00 .functor NOT 1, L_0x13202e960, C4<0>, C4<0>, C4<0>;
L_0x13202ead0 .functor AND 1, L_0x13202e890, L_0x13202ea00, C4<1>, C4<1>;
L_0x13202ec80 .functor AND 1, L_0x13202ead0, L_0x13202ebe0, C4<1>, C4<1>;
L_0x13202ee30 .functor NOT 1, L_0x13202ed90, C4<0>, C4<0>, C4<0>;
L_0x13202eee0 .functor AND 1, L_0x13202dfc0, L_0x13202ee30, C4<1>, C4<1>;
L_0x13202f090 .functor NOT 1, L_0x13202eff0, C4<0>, C4<0>, C4<0>;
L_0x13202f160 .functor AND 1, L_0x13202eee0, L_0x13202f090, C4<1>, C4<1>;
L_0x13202f310 .functor NOT 1, L_0x13202f270, C4<0>, C4<0>, C4<0>;
L_0x13202f3c0 .functor AND 1, L_0x13202f160, L_0x13202f310, C4<1>, C4<1>;
L_0x13202f610 .functor AND 1, L_0x13202f4d0, L_0x13202f570, C4<1>, C4<1>;
L_0x13202f7e0 .functor NOT 1, L_0x13202f740, C4<0>, C4<0>, C4<0>;
L_0x13202f890 .functor AND 1, L_0x13202f610, L_0x13202f7e0, C4<1>, C4<1>;
L_0x13202fa40 .functor NOT 1, L_0x13202f9a0, C4<0>, C4<0>, C4<0>;
L_0x13202faf0 .functor AND 1, L_0x13202f890, L_0x13202fa40, C4<1>, C4<1>;
L_0x13202fca0 .functor NOT 1, L_0x13202fc00, C4<0>, C4<0>, C4<0>;
L_0x13202fd50 .functor AND 1, L_0x13202faf0, L_0x13202fca0, C4<1>, C4<1>;
L_0x13202ff00 .functor AND 1, L_0x13202fd50, L_0x13202fe60, C4<1>, C4<1>;
L_0x1320300b0 .functor AND 1, L_0x13202ff00, L_0x132030010, C4<1>, C4<1>;
L_0x132030260 .functor NOT 1, L_0x1320301c0, C4<0>, C4<0>, C4<0>;
L_0x132030310 .functor AND 1, L_0x1320300b0, L_0x132030260, C4<1>, C4<1>;
L_0x1320304c0 .functor NOT 1, L_0x132030420, C4<0>, C4<0>, C4<0>;
L_0x132030570 .functor AND 1, L_0x132030310, L_0x1320304c0, C4<1>, C4<1>;
L_0x132030720 .functor NOT 1, L_0x132030680, C4<0>, C4<0>, C4<0>;
L_0x1320307d0 .functor AND 1, L_0x132030570, L_0x132030720, C4<1>, C4<1>;
L_0x132030980 .functor NOT 1, L_0x1320308e0, C4<0>, C4<0>, C4<0>;
L_0x132030a30 .functor AND 1, L_0x1320300b0, L_0x132030980, C4<1>, C4<1>;
L_0x132030ba0 .functor NOT 1, L_0x132030b00, C4<0>, C4<0>, C4<0>;
L_0x132030c70 .functor AND 1, L_0x132030a30, L_0x132030ba0, C4<1>, C4<1>;
L_0x132030e20 .functor AND 1, L_0x132030c70, L_0x132030d80, C4<1>, C4<1>;
L_0x132030fd0 .functor AND 1, L_0x1320300b0, L_0x132030f30, C4<1>, C4<1>;
L_0x132031180 .functor NOT 1, L_0x1320310e0, C4<0>, C4<0>, C4<0>;
L_0x132031250 .functor AND 1, L_0x132030fd0, L_0x132031180, C4<1>, C4<1>;
L_0x132031400 .functor NOT 1, L_0x132031360, C4<0>, C4<0>, C4<0>;
L_0x1320314b0 .functor AND 1, L_0x132031250, L_0x132031400, C4<1>, C4<1>;
L_0x132031660 .functor AND 1, L_0x1320300b0, L_0x1320315c0, C4<1>, C4<1>;
L_0x1320317d0 .functor NOT 1, L_0x132031730, C4<0>, C4<0>, C4<0>;
L_0x1320318a0 .functor AND 1, L_0x132031660, L_0x1320317d0, C4<1>, C4<1>;
L_0x132031a50 .functor AND 1, L_0x1320318a0, L_0x1320319b0, C4<1>, C4<1>;
L_0x132031c00 .functor AND 1, L_0x1320300b0, L_0x132031b60, C4<1>, C4<1>;
L_0x132031d70 .functor AND 1, L_0x132031c00, L_0x132031cd0, C4<1>, C4<1>;
L_0x132031f40 .functor NOT 1, L_0x132031ea0, C4<0>, C4<0>, C4<0>;
L_0x132031ff0 .functor AND 1, L_0x132031d70, L_0x132031f40, C4<1>, C4<1>;
L_0x1320321a0 .functor AND 1, L_0x1320300b0, L_0x132032100, C4<1>, C4<1>;
L_0x132032310 .functor AND 1, L_0x1320321a0, L_0x132032270, C4<1>, C4<1>;
L_0x1320324e0 .functor AND 1, L_0x132032310, L_0x132032440, C4<1>, C4<1>;
L_0x132032730 .functor AND 1, L_0x1320325f0, L_0x132032690, C4<1>, C4<1>;
L_0x132032900 .functor NOT 1, L_0x132032860, C4<0>, C4<0>, C4<0>;
L_0x1320329b0 .functor AND 1, L_0x132032730, L_0x132032900, C4<1>, C4<1>;
L_0x132032b60 .functor AND 1, L_0x1320329b0, L_0x132032ac0, C4<1>, C4<1>;
L_0x132032d10 .functor AND 1, L_0x132032b60, L_0x132032c70, C4<1>, C4<1>;
L_0x132032ec0 .functor AND 1, L_0x132032d10, L_0x132032e20, C4<1>, C4<1>;
L_0x132033070 .functor AND 1, L_0x132032ec0, L_0x132032fd0, C4<1>, C4<1>;
L_0x132033220 .functor NOT 1, L_0x132033180, C4<0>, C4<0>, C4<0>;
L_0x132033370 .functor AND 1, L_0x132033220, L_0x1320332d0, C4<1>, C4<1>;
L_0x132033540 .functor AND 1, L_0x132033370, L_0x1320334a0, C4<1>, C4<1>;
L_0x1320336f0 .functor NOT 1, L_0x132033650, C4<0>, C4<0>, C4<0>;
L_0x1320337a0 .functor AND 1, L_0x132033540, L_0x1320336f0, C4<1>, C4<1>;
L_0x132033950 .functor AND 1, L_0x1320337a0, L_0x1320338b0, C4<1>, C4<1>;
L_0x132033b00 .functor AND 1, L_0x132033950, L_0x132033a60, C4<1>, C4<1>;
L_0x132033cb0 .functor AND 1, L_0x132033b00, L_0x132033c10, C4<1>, C4<1>;
L_0x132033e60 .functor NOT 1, L_0x132033dc0, C4<0>, C4<0>, C4<0>;
L_0x132033fb0 .functor NOT 1, L_0x132033f10, C4<0>, C4<0>, C4<0>;
L_0x132034080 .functor AND 1, L_0x132033e60, L_0x132033fb0, C4<1>, C4<1>;
L_0x132034230 .functor AND 1, L_0x132034080, L_0x132034190, C4<1>, C4<1>;
L_0x1320343e0 .functor NOT 1, L_0x132034340, C4<0>, C4<0>, C4<0>;
L_0x132034490 .functor AND 1, L_0x132034230, L_0x1320343e0, C4<1>, C4<1>;
L_0x132034640 .functor AND 1, L_0x132034490, L_0x1320345a0, C4<1>, C4<1>;
L_0x1320347f0 .functor AND 1, L_0x132034640, L_0x132034750, C4<1>, C4<1>;
L_0x1320349a0 .functor AND 1, L_0x1320347f0, L_0x132034900, C4<1>, C4<1>;
L_0x132034ab0 .functor OR 1, L_0x132014000, L_0x132026060, C4<0>, C4<0>;
L_0x132034b20 .functor OR 1, L_0x132034ab0, L_0x13202d420, C4<0>, C4<0>;
L_0x132034c50 .functor OR 1, L_0x132034b20, L_0x132033070, C4<0>, C4<0>;
L_0x132034d40 .functor OR 1, L_0x132034c50, L_0x132033cb0, C4<0>, C4<0>;
L_0x132034e30 .functor OR 1, L_0x132034d40, L_0x1320349a0, C4<0>, C4<0>;
L_0x132034f20 .functor OR 1, L_0x132034e30, L_0x132023260, C4<0>, C4<0>;
L_0x132034fd0 .functor BUFZ 1, L_0x13202dfc0, C4<0>, C4<0>, C4<0>;
L_0x132035040 .functor OR 1, L_0x132026060, L_0x13202dfc0, C4<0>, C4<0>;
L_0x1320350f0 .functor OR 1, L_0x132035040, L_0x132033070, C4<0>, C4<0>;
L_0x1320351e0 .functor OR 1, L_0x1320350f0, L_0x13202d420, C4<0>, C4<0>;
L_0x1320352b0 .functor OR 1, L_0x1320351e0, L_0x132033cb0, C4<0>, C4<0>;
L_0x132035380 .functor OR 1, L_0x1320352b0, L_0x1320349a0, C4<0>, C4<0>;
L_0x132035450 .functor OR 1, L_0x132035380, L_0x132023260, C4<0>, C4<0>;
L_0x132035620 .functor OR 1, L_0x132028e30, L_0x13202a470, C4<0>, C4<0>;
L_0x1320356b0 .functor OR 1, L_0x132035620, L_0x13202bbf0, C4<0>, C4<0>;
L_0x1320357a0 .functor OR 1, L_0x132026d20, L_0x1320278a0, C4<0>, C4<0>;
L_0x132035890 .functor OR 1, L_0x1320357a0, L_0x13202d420, C4<0>, C4<0>;
L_0x1320359c0 .functor OR 1, L_0x132035890, L_0x1320273b0, C4<0>, C4<0>;
L_0x132035a90 .functor OR 1, L_0x1320359c0, L_0x132026780, C4<0>, C4<0>;
L_0x132035b80 .functor OR 1, L_0x132035a90, L_0x13202c240, C4<0>, C4<0>;
L_0x132035c70 .functor OR 1, L_0x132035b80, L_0x13202c7e0, C4<0>, C4<0>;
L_0x132035d60 .functor OR 1, L_0x132035c70, L_0x132023260, C4<0>, C4<0>;
L_0x132035e10 .functor BUFZ 1, L_0x13202dfc0, C4<0>, C4<0>, C4<0>;
L_0x132035e80 .functor BUFZ 1, L_0x1320300b0, C4<0>, C4<0>, C4<0>;
L_0x132036010 .functor OR 1, L_0x132033cb0, L_0x1320349a0, C4<0>, C4<0>;
L_0x132036320 .functor BUFZ 1, L_0x132033070, C4<0>, C4<0>, C4<0>;
L_0x132036450 .functor OR 1, L_0x132024520, L_0x1320251b0, C4<0>, C4<0>;
L_0x132036500 .functor OR 1, L_0x132036450, L_0x132025000, C4<0>, C4<0>;
L_0x1320365f0 .functor OR 1, L_0x132033070, L_0x13202d420, C4<0>, C4<0>;
L_0x132036660 .functor OR 1, L_0x1320365f0, L_0x132023e80, C4<0>, C4<0>;
L_0x132036750 .functor OR 1, L_0x132036660, L_0x1320251b0, C4<0>, C4<0>;
L_0x132036920 .functor OR 1, L_0x132033070, L_0x13202d420, C4<0>, C4<0>;
L_0x132036990 .functor OR 1, L_0x132036920, L_0x1320235f0, C4<0>, C4<0>;
L_0x132036ac0 .functor OR 1, L_0x132036990, L_0x132025000, C4<0>, C4<0>;
o0x138040250 .functor BUFZ 1, C4<z>; HiZ drive
L_0x132036bb0 .functor AND 1, L_0x1320300b0, o0x138040250, C4<1>, C4<1>;
L_0x132036c20 .functor BUFZ 1, L_0x132033070, C4<0>, C4<0>, C4<0>;
L_0x132036e10 .functor BUFZ 1, L_0x13202d420, C4<0>, C4<0>, C4<0>;
L_0x132036ec0 .functor OR 1, L_0x13202d420, L_0x132023260, C4<0>, C4<0>;
L_0x132037030 .functor OR 1, L_0x132036ec0, L_0x13202dfc0, C4<0>, C4<0>;
L_0x1320371e0 .functor OR 1, L_0x132037030, L_0x132026780, C4<0>, C4<0>;
L_0x132037250 .functor OR 1, L_0x1320371e0, L_0x132026d20, C4<0>, C4<0>;
L_0x1320372c0 .functor OR 1, L_0x132037250, L_0x132015050, C4<0>, C4<0>;
L_0x1320373d0 .functor OR 1, L_0x1320372c0, L_0x132018780, C4<0>, C4<0>;
L_0x1320374c0 .functor OR 1, L_0x1320373d0, L_0x13201cd80, C4<0>, C4<0>;
L_0x1320375b0 .functor OR 1, L_0x1320374c0, L_0x13201dfe0, C4<0>, C4<0>;
L_0x1320376a0 .functor OR 1, L_0x1320375b0, L_0x1320223f0, C4<0>, C4<0>;
L_0x132037790 .functor OR 1, L_0x1320376a0, L_0x13202bbf0, C4<0>, C4<0>;
L_0x132037840 .functor OR 1, L_0x132037790, L_0x132028e30, C4<0>, C4<0>;
L_0x132037910 .functor OR 1, L_0x132037840, L_0x13202c7e0, C4<0>, C4<0>;
L_0x1320379e0 .functor OR 1, L_0x132037910, L_0x132033cb0, C4<0>, C4<0>;
L_0x132037ab0 .functor OR 1, L_0x1320379e0, L_0x132030e20, C4<0>, C4<0>;
L_0x132037bc0 .functor OR 1, L_0x132037ab0, L_0x132031a50, C4<0>, C4<0>;
L_0x132037cb0 .functor OR 1, L_0x132037bc0, L_0x1320324e0, C4<0>, C4<0>;
L_0x132037da0 .functor OR 1, L_0x13202d420, L_0x132023260, C4<0>, C4<0>;
L_0x132037e10 .functor OR 1, L_0x132037da0, L_0x13202dfc0, C4<0>, C4<0>;
L_0x132037f00 .functor OR 1, L_0x132037e10, L_0x132026780, C4<0>, C4<0>;
L_0x132038050 .functor OR 1, L_0x132037f00, L_0x132015050, C4<0>, C4<0>;
L_0x1320380e0 .functor OR 1, L_0x132038050, L_0x132019d10, C4<0>, C4<0>;
L_0x1320381f0 .functor OR 1, L_0x1320380e0, L_0x1320278a0, C4<0>, C4<0>;
L_0x1320382a0 .functor OR 1, L_0x1320381f0, L_0x13201cd80, C4<0>, C4<0>;
L_0x132038370 .functor OR 1, L_0x1320382a0, L_0x132020d40, C4<0>, C4<0>;
L_0x132038480 .functor OR 1, L_0x132038370, L_0x1320223f0, C4<0>, C4<0>;
L_0x132038530 .functor OR 1, L_0x132038480, L_0x13202bbf0, C4<0>, C4<0>;
L_0x132038680 .functor OR 1, L_0x132038530, L_0x13202c240, C4<0>, C4<0>;
L_0x132038710 .functor OR 1, L_0x132038680, L_0x13202c7e0, C4<0>, C4<0>;
L_0x132038860 .functor OR 1, L_0x132038710, L_0x1320349a0, C4<0>, C4<0>;
L_0x1320388f0 .functor OR 1, L_0x132038860, L_0x1320314b0, C4<0>, C4<0>;
L_0x132038a00 .functor OR 1, L_0x1320388f0, L_0x132031a50, C4<0>, C4<0>;
L_0x132038ab0 .functor OR 1, L_0x132038a00, L_0x1320307d0, C4<0>, C4<0>;
L_0x132038bc0 .functor OR 1, L_0x1320278a0, L_0x132019d10, C4<0>, C4<0>;
L_0x132038cb0 .functor OR 1, L_0x132038bc0, L_0x132026d20, C4<0>, C4<0>;
L_0x132038de0 .functor OR 1, L_0x132038cb0, L_0x132018780, C4<0>, C4<0>;
L_0x132038e70 .functor OR 1, L_0x132038de0, L_0x132016d20, C4<0>, C4<0>;
L_0x132038f80 .functor OR 1, L_0x132038e70, L_0x13201b2c0, C4<0>, C4<0>;
L_0x132039070 .functor OR 1, L_0x132038f80, L_0x1320273b0, C4<0>, C4<0>;
L_0x132039120 .functor OR 1, L_0x132039070, L_0x13201cd80, C4<0>, C4<0>;
L_0x132039270 .functor OR 1, L_0x132039120, L_0x13202bbf0, C4<0>, C4<0>;
L_0x132039300 .functor OR 1, L_0x132039270, L_0x132030e20, C4<0>, C4<0>;
L_0x1320393d0 .functor OR 1, L_0x132039300, L_0x1320314b0, C4<0>, C4<0>;
L_0x1320394a0 .functor OR 1, L_0x1320393d0, L_0x132031a50, C4<0>, C4<0>;
L_0x1320395f0 .functor OR 1, L_0x1320278a0, L_0x132019d10, C4<0>, C4<0>;
L_0x132039700 .functor OR 1, L_0x1320395f0, L_0x132026d20, C4<0>, C4<0>;
L_0x132039770 .functor OR 1, L_0x132039700, L_0x132018780, C4<0>, C4<0>;
L_0x1320398c0 .functor OR 1, L_0x132039770, L_0x13201b2c0, C4<0>, C4<0>;
L_0x132039950 .functor OR 1, L_0x1320398c0, L_0x1320273b0, C4<0>, C4<0>;
L_0x132039aa0 .functor OR 1, L_0x132039950, L_0x13201cd80, C4<0>, C4<0>;
L_0x132039b30 .functor OR 1, L_0x132039aa0, L_0x132020d40, C4<0>, C4<0>;
L_0x132039c00 .functor OR 1, L_0x132039b30, L_0x1320223f0, C4<0>, C4<0>;
L_0x132039d50 .functor OR 1, L_0x132039c00, L_0x13202bbf0, C4<0>, C4<0>;
L_0x132039de0 .functor OR 1, L_0x132039d50, L_0x13202c240, C4<0>, C4<0>;
L_0x132039f30 .functor OR 1, L_0x132039de0, L_0x13202c7e0, C4<0>, C4<0>;
L_0x132039fc0 .functor OR 1, L_0x132039f30, L_0x132031ff0, C4<0>, C4<0>;
L_0x13203a0d0 .functor OR 1, L_0x132039fc0, L_0x1320324e0, C4<0>, C4<0>;
L_0x13203a350 .functor OR 1, L_0x13201dfe0, L_0x13201f5f0, C4<0>, C4<0>;
L_0x13203a400 .functor OR 1, L_0x13203a350, L_0x132028e30, C4<0>, C4<0>;
L_0x13203a530 .functor OR 1, L_0x13203a400, L_0x13202a470, C4<0>, C4<0>;
L_0x13203a5c0 .functor OR 1, L_0x13203a530, L_0x1320307d0, C4<0>, C4<0>;
L_0x13203a6b0 .functor OR 1, L_0x132023e80, L_0x1320251b0, C4<0>, C4<0>;
L_0x13203a7a0 .functor OR 1, L_0x13203a6b0, L_0x13202ec80, C4<0>, C4<0>;
L_0x13203a890 .functor OR 1, L_0x1320251b0, L_0x1320235f0, C4<0>, C4<0>;
L_0x13203a900 .functor OR 1, L_0x13203a890, L_0x13202f3c0, C4<0>, C4<0>;
L_0x13203ab50 .functor BUFZ 1, L_0x132025000, C4<0>, C4<0>, C4<0>;
v0x1316e3fc0_0 .net "ALUOp", 4 0, L_0x13203a180;  1 drivers
v0x1316ede10_0 .net "ALUSrc", 0 0, L_0x132035450;  1 drivers
v0x1316edeb0_0 .net "DMType", 2 0, L_0x13203aa30;  1 drivers
v0x1316edf50_0 .net "EXTOp", 5 0, L_0x132036140;  1 drivers
o0x1380400d0 .functor BUFZ 3, C4<zzz>; HiZ drive
v0x1316ee000_0 .net "Funct3", 2 0, o0x1380400d0;  0 drivers
o0x138040100 .functor BUFZ 7, C4<zzzzzzz>; HiZ drive
v0x1316ee0f0_0 .net "Funct7", 6 0, o0x138040100;  0 drivers
o0x138040130 .functor BUFZ 2, C4<zz>; HiZ drive
v0x1316ee1a0_0 .net "GPRSel", 1 0, o0x138040130;  0 drivers
v0x1316ee250_0 .net "MemWrite", 0 0, L_0x132034fd0;  1 drivers
v0x1316ee2f0_0 .net "NPCOp", 2 0, L_0x132036cb0;  1 drivers
o0x1380401c0 .functor BUFZ 7, C4<zzzzzzz>; HiZ drive
v0x1316ee400_0 .net "Op", 6 0, o0x1380401c0;  0 drivers
v0x1316ee4b0_0 .net "RegWrite", 0 0, L_0x132034f20;  1 drivers
v0x1316ee550_0 .net "WDSel", 2 0, L_0x132036800;  1 drivers
v0x1316ee600_0 .net "Zero", 0 0, o0x138040250;  0 drivers
v0x1316ee6a0_0 .net *"_ivl_1", 0 0, L_0x132013370;  1 drivers
v0x1316ee750_0 .net *"_ivl_10", 0 0, L_0x1320136c0;  1 drivers
v0x1316ee800_0 .net *"_ivl_100", 0 0, L_0x132015f10;  1 drivers
v0x1316ee8b0_0 .net *"_ivl_1000", 0 0, L_0x13202c610;  1 drivers
v0x1316eea40_0 .net *"_ivl_1003", 0 0, L_0x13202c740;  1 drivers
v0x1316eead0_0 .net *"_ivl_1007", 0 0, L_0x13202c8f0;  1 drivers
v0x1316eeb80_0 .net *"_ivl_1009", 0 0, L_0x13202c990;  1 drivers
v0x1316eec30_0 .net *"_ivl_1010", 0 0, L_0x13202ca30;  1 drivers
v0x1316eece0_0 .net *"_ivl_1013", 0 0, L_0x13202cb60;  1 drivers
v0x1316eed90_0 .net *"_ivl_1014", 0 0, L_0x13202cc00;  1 drivers
v0x1316eee40_0 .net *"_ivl_1016", 0 0, L_0x13202ccb0;  1 drivers
v0x1316eeef0_0 .net *"_ivl_1019", 0 0, L_0x13202cdc0;  1 drivers
v0x1316eefa0_0 .net *"_ivl_1020", 0 0, L_0x13202ce60;  1 drivers
v0x1316ef050_0 .net *"_ivl_1022", 0 0, L_0x13202cf10;  1 drivers
v0x1316ef100_0 .net *"_ivl_1025", 0 0, L_0x13202d020;  1 drivers
v0x1316ef1b0_0 .net *"_ivl_1026", 0 0, L_0x13202d0c0;  1 drivers
v0x1316ef260_0 .net *"_ivl_1029", 0 0, L_0x13202d1d0;  1 drivers
v0x1316ef310_0 .net *"_ivl_103", 0 0, L_0x132015f80;  1 drivers
v0x1316ef3c0_0 .net *"_ivl_1030", 0 0, L_0x13202d270;  1 drivers
v0x1316ef470_0 .net *"_ivl_1033", 0 0, L_0x13202d380;  1 drivers
v0x1316ee960_0 .net *"_ivl_1037", 0 0, L_0x13202d530;  1 drivers
v0x1316ef700_0 .net *"_ivl_1038", 0 0, L_0x13202d5d0;  1 drivers
v0x1316ef790_0 .net *"_ivl_104", 0 0, L_0x132016020;  1 drivers
v0x1316ef830_0 .net *"_ivl_1041", 0 0, L_0x13202d680;  1 drivers
v0x1316ef8e0_0 .net *"_ivl_1042", 0 0, L_0x13202d720;  1 drivers
v0x1316ef990_0 .net *"_ivl_1045", 0 0, L_0x13202d850;  1 drivers
v0x1316efa40_0 .net *"_ivl_1046", 0 0, L_0x13202d8f0;  1 drivers
v0x1316efaf0_0 .net *"_ivl_1048", 0 0, L_0x13202d9a0;  1 drivers
v0x1316efba0_0 .net *"_ivl_1051", 0 0, L_0x13202dab0;  1 drivers
v0x1316efc50_0 .net *"_ivl_1052", 0 0, L_0x1320254b0;  1 drivers
v0x1316efd00_0 .net *"_ivl_1054", 0 0, L_0x132025560;  1 drivers
v0x1316efdb0_0 .net *"_ivl_1057", 0 0, L_0x13202db50;  1 drivers
v0x1316efe60_0 .net *"_ivl_1058", 0 0, L_0x13202dbf0;  1 drivers
v0x1316eff10_0 .net *"_ivl_106", 0 0, L_0x132015d70;  1 drivers
v0x1316effc0_0 .net *"_ivl_1060", 0 0, L_0x13202dc60;  1 drivers
v0x1316f0070_0 .net *"_ivl_1063", 0 0, L_0x13202dd70;  1 drivers
v0x1316f0120_0 .net *"_ivl_1064", 0 0, L_0x13202de10;  1 drivers
v0x1316f01d0_0 .net *"_ivl_1067", 0 0, L_0x13202df20;  1 drivers
v0x1316f0280_0 .net *"_ivl_1071", 0 0, L_0x13202e0d0;  1 drivers
v0x1316f0330_0 .net *"_ivl_1072", 0 0, L_0x13202e170;  1 drivers
v0x1316f03e0_0 .net *"_ivl_1074", 0 0, L_0x13202e220;  1 drivers
v0x1316f0490_0 .net *"_ivl_1077", 0 0, L_0x13202e330;  1 drivers
v0x1316f0540_0 .net *"_ivl_1078", 0 0, L_0x13202e3d0;  1 drivers
v0x1316f05f0_0 .net *"_ivl_1081", 0 0, L_0x13202e4e0;  1 drivers
v0x1316f06a0_0 .net *"_ivl_1082", 0 0, L_0x13202e580;  1 drivers
v0x1316f0750_0 .net *"_ivl_1087", 0 0, L_0x13202e740;  1 drivers
v0x1316f0800_0 .net *"_ivl_1088", 0 0, L_0x13202e7e0;  1 drivers
v0x1316f08b0_0 .net *"_ivl_109", 0 0, L_0x1320161e0;  1 drivers
v0x1316f0960_0 .net *"_ivl_1090", 0 0, L_0x13202e890;  1 drivers
v0x1316f0a10_0 .net *"_ivl_1093", 0 0, L_0x13202e960;  1 drivers
v0x1316f0ac0_0 .net *"_ivl_1094", 0 0, L_0x13202ea00;  1 drivers
v0x1316f0b70_0 .net *"_ivl_1096", 0 0, L_0x13202ead0;  1 drivers
v0x1316ef520_0 .net *"_ivl_1099", 0 0, L_0x13202ebe0;  1 drivers
v0x1316ef5d0_0 .net *"_ivl_110", 0 0, L_0x132016280;  1 drivers
v0x1316f0c00_0 .net *"_ivl_1103", 0 0, L_0x13202ed90;  1 drivers
v0x1316f0c90_0 .net *"_ivl_1104", 0 0, L_0x13202ee30;  1 drivers
v0x1316f0d20_0 .net *"_ivl_1106", 0 0, L_0x13202eee0;  1 drivers
v0x1316f0db0_0 .net *"_ivl_1109", 0 0, L_0x13202eff0;  1 drivers
v0x1316f0e40_0 .net *"_ivl_1110", 0 0, L_0x13202f090;  1 drivers
v0x1316f0ef0_0 .net *"_ivl_1112", 0 0, L_0x13202f160;  1 drivers
v0x1316f0fa0_0 .net *"_ivl_1115", 0 0, L_0x13202f270;  1 drivers
v0x1316f1050_0 .net *"_ivl_1116", 0 0, L_0x13202f310;  1 drivers
v0x1316f1100_0 .net *"_ivl_112", 0 0, L_0x1320160d0;  1 drivers
v0x1316f11b0_0 .net *"_ivl_1121", 0 0, L_0x13202f4d0;  1 drivers
v0x1316f1260_0 .net *"_ivl_1123", 0 0, L_0x13202f570;  1 drivers
v0x1316f1310_0 .net *"_ivl_1124", 0 0, L_0x13202f610;  1 drivers
v0x1316f13c0_0 .net *"_ivl_1127", 0 0, L_0x13202f740;  1 drivers
v0x1316f1470_0 .net *"_ivl_1128", 0 0, L_0x13202f7e0;  1 drivers
v0x1316f1520_0 .net *"_ivl_1130", 0 0, L_0x13202f890;  1 drivers
v0x1316f15d0_0 .net *"_ivl_1133", 0 0, L_0x13202f9a0;  1 drivers
v0x1316f1680_0 .net *"_ivl_1134", 0 0, L_0x13202fa40;  1 drivers
v0x1316f1730_0 .net *"_ivl_1136", 0 0, L_0x13202faf0;  1 drivers
v0x1316f17e0_0 .net *"_ivl_1139", 0 0, L_0x13202fc00;  1 drivers
v0x1316f1890_0 .net *"_ivl_1140", 0 0, L_0x13202fca0;  1 drivers
v0x1316f1940_0 .net *"_ivl_1142", 0 0, L_0x13202fd50;  1 drivers
v0x1316f19f0_0 .net *"_ivl_1145", 0 0, L_0x13202fe60;  1 drivers
v0x1316f1aa0_0 .net *"_ivl_1146", 0 0, L_0x13202ff00;  1 drivers
v0x1316f1b50_0 .net *"_ivl_1149", 0 0, L_0x132030010;  1 drivers
v0x1316f1c00_0 .net *"_ivl_115", 0 0, L_0x132016470;  1 drivers
v0x1316f1cb0_0 .net *"_ivl_1153", 0 0, L_0x1320301c0;  1 drivers
v0x1316f1d60_0 .net *"_ivl_1154", 0 0, L_0x132030260;  1 drivers
v0x1316f1e10_0 .net *"_ivl_1156", 0 0, L_0x132030310;  1 drivers
v0x1316f1ec0_0 .net *"_ivl_1159", 0 0, L_0x132030420;  1 drivers
v0x1316f1f70_0 .net *"_ivl_116", 0 0, L_0x132016510;  1 drivers
v0x1316f2020_0 .net *"_ivl_1160", 0 0, L_0x1320304c0;  1 drivers
v0x1316f20d0_0 .net *"_ivl_1162", 0 0, L_0x132030570;  1 drivers
v0x1316f2180_0 .net *"_ivl_1165", 0 0, L_0x132030680;  1 drivers
v0x1316f2230_0 .net *"_ivl_1166", 0 0, L_0x132030720;  1 drivers
v0x1316f22e0_0 .net *"_ivl_1171", 0 0, L_0x1320308e0;  1 drivers
v0x1316f2390_0 .net *"_ivl_1172", 0 0, L_0x132030980;  1 drivers
v0x1316f2440_0 .net *"_ivl_1174", 0 0, L_0x132030a30;  1 drivers
v0x1316f24f0_0 .net *"_ivl_1177", 0 0, L_0x132030b00;  1 drivers
v0x1316f25a0_0 .net *"_ivl_1178", 0 0, L_0x132030ba0;  1 drivers
v0x1316f2650_0 .net *"_ivl_118", 0 0, L_0x132016350;  1 drivers
v0x1316f2700_0 .net *"_ivl_1180", 0 0, L_0x132030c70;  1 drivers
v0x1316f27b0_0 .net *"_ivl_1183", 0 0, L_0x132030d80;  1 drivers
v0x1316f2860_0 .net *"_ivl_1187", 0 0, L_0x132030f30;  1 drivers
v0x1316f2910_0 .net *"_ivl_1188", 0 0, L_0x132030fd0;  1 drivers
v0x1316f29c0_0 .net *"_ivl_1191", 0 0, L_0x1320310e0;  1 drivers
v0x1316f2a70_0 .net *"_ivl_1192", 0 0, L_0x132031180;  1 drivers
v0x1316f2b20_0 .net *"_ivl_1194", 0 0, L_0x132031250;  1 drivers
v0x1316f2bd0_0 .net *"_ivl_1197", 0 0, L_0x132031360;  1 drivers
v0x1316f2c80_0 .net *"_ivl_1198", 0 0, L_0x132031400;  1 drivers
v0x1316f2d30_0 .net *"_ivl_1203", 0 0, L_0x1320315c0;  1 drivers
v0x1316f2de0_0 .net *"_ivl_1204", 0 0, L_0x132031660;  1 drivers
v0x1316f2e90_0 .net *"_ivl_1207", 0 0, L_0x132031730;  1 drivers
v0x1316f2f40_0 .net *"_ivl_1208", 0 0, L_0x1320317d0;  1 drivers
v0x1316f2ff0_0 .net *"_ivl_121", 0 0, L_0x1320166f0;  1 drivers
v0x1316f30a0_0 .net *"_ivl_1210", 0 0, L_0x1320318a0;  1 drivers
v0x1316f3150_0 .net *"_ivl_1213", 0 0, L_0x1320319b0;  1 drivers
v0x1316f3200_0 .net *"_ivl_1217", 0 0, L_0x132031b60;  1 drivers
v0x1316f32b0_0 .net *"_ivl_1218", 0 0, L_0x132031c00;  1 drivers
v0x1316f3360_0 .net *"_ivl_122", 0 0, L_0x132016850;  1 drivers
v0x1316f3410_0 .net *"_ivl_1221", 0 0, L_0x132031cd0;  1 drivers
v0x1316f34c0_0 .net *"_ivl_1222", 0 0, L_0x132031d70;  1 drivers
v0x1316f3570_0 .net *"_ivl_1225", 0 0, L_0x132031ea0;  1 drivers
v0x1316f3620_0 .net *"_ivl_1226", 0 0, L_0x132031f40;  1 drivers
v0x1316f36d0_0 .net *"_ivl_1231", 0 0, L_0x132032100;  1 drivers
v0x1316f3780_0 .net *"_ivl_1232", 0 0, L_0x1320321a0;  1 drivers
v0x1316f3830_0 .net *"_ivl_1235", 0 0, L_0x132032270;  1 drivers
v0x1316f38e0_0 .net *"_ivl_1236", 0 0, L_0x132032310;  1 drivers
v0x1316f3990_0 .net *"_ivl_1239", 0 0, L_0x132032440;  1 drivers
v0x1316f3a40_0 .net *"_ivl_124", 0 0, L_0x132015ae0;  1 drivers
v0x1316f3af0_0 .net *"_ivl_1243", 0 0, L_0x1320325f0;  1 drivers
v0x1316f3ba0_0 .net *"_ivl_1245", 0 0, L_0x132032690;  1 drivers
v0x1316f3c50_0 .net *"_ivl_1246", 0 0, L_0x132032730;  1 drivers
v0x1316f3d00_0 .net *"_ivl_1249", 0 0, L_0x132032860;  1 drivers
v0x1316f3db0_0 .net *"_ivl_1250", 0 0, L_0x132032900;  1 drivers
v0x1316f3e60_0 .net *"_ivl_1252", 0 0, L_0x1320329b0;  1 drivers
v0x1316f3f10_0 .net *"_ivl_1255", 0 0, L_0x132032ac0;  1 drivers
v0x1316f3fc0_0 .net *"_ivl_1256", 0 0, L_0x132032b60;  1 drivers
v0x1316f4070_0 .net *"_ivl_1259", 0 0, L_0x132032c70;  1 drivers
v0x1316f4120_0 .net *"_ivl_1260", 0 0, L_0x132032d10;  1 drivers
v0x1316f41d0_0 .net *"_ivl_1263", 0 0, L_0x132032e20;  1 drivers
v0x1316f4280_0 .net *"_ivl_1264", 0 0, L_0x132032ec0;  1 drivers
v0x1316f4330_0 .net *"_ivl_1267", 0 0, L_0x132032fd0;  1 drivers
v0x1316f43e0_0 .net *"_ivl_127", 0 0, L_0x132016640;  1 drivers
v0x1316f4490_0 .net *"_ivl_1271", 0 0, L_0x132033180;  1 drivers
v0x1316f4540_0 .net *"_ivl_1272", 0 0, L_0x132033220;  1 drivers
v0x1316f45f0_0 .net *"_ivl_1275", 0 0, L_0x1320332d0;  1 drivers
v0x1316f46a0_0 .net *"_ivl_1276", 0 0, L_0x132033370;  1 drivers
v0x1316f4750_0 .net *"_ivl_1279", 0 0, L_0x1320334a0;  1 drivers
v0x1316f4800_0 .net *"_ivl_128", 0 0, L_0x132016a00;  1 drivers
v0x1316f48b0_0 .net *"_ivl_1280", 0 0, L_0x132033540;  1 drivers
v0x1316f4960_0 .net *"_ivl_1283", 0 0, L_0x132033650;  1 drivers
v0x1316f4a10_0 .net *"_ivl_1284", 0 0, L_0x1320336f0;  1 drivers
v0x1316f4ac0_0 .net *"_ivl_1286", 0 0, L_0x1320337a0;  1 drivers
v0x1316f4b70_0 .net *"_ivl_1289", 0 0, L_0x1320338b0;  1 drivers
v0x1316f4c20_0 .net *"_ivl_1290", 0 0, L_0x132033950;  1 drivers
v0x1316f4cd0_0 .net *"_ivl_1293", 0 0, L_0x132033a60;  1 drivers
v0x1316f4d80_0 .net *"_ivl_1294", 0 0, L_0x132033b00;  1 drivers
v0x1316f4e30_0 .net *"_ivl_1297", 0 0, L_0x132033c10;  1 drivers
v0x1316f4ee0_0 .net *"_ivl_13", 0 0, L_0x1320137f0;  1 drivers
v0x1316f4f90_0 .net *"_ivl_130", 0 0, L_0x1320168c0;  1 drivers
v0x1316f5040_0 .net *"_ivl_1301", 0 0, L_0x132033dc0;  1 drivers
v0x1316f50f0_0 .net *"_ivl_1302", 0 0, L_0x132033e60;  1 drivers
v0x1316f51a0_0 .net *"_ivl_1305", 0 0, L_0x132033f10;  1 drivers
v0x1316f5250_0 .net *"_ivl_1306", 0 0, L_0x132033fb0;  1 drivers
v0x1316f5300_0 .net *"_ivl_1308", 0 0, L_0x132034080;  1 drivers
v0x1316f53b0_0 .net *"_ivl_1311", 0 0, L_0x132034190;  1 drivers
v0x1316f5460_0 .net *"_ivl_1312", 0 0, L_0x132034230;  1 drivers
v0x1316f5510_0 .net *"_ivl_1315", 0 0, L_0x132034340;  1 drivers
v0x1316f55c0_0 .net *"_ivl_1316", 0 0, L_0x1320343e0;  1 drivers
v0x1316f5670_0 .net *"_ivl_1318", 0 0, L_0x132034490;  1 drivers
v0x1316f5720_0 .net *"_ivl_1321", 0 0, L_0x1320345a0;  1 drivers
v0x1316f57d0_0 .net *"_ivl_1322", 0 0, L_0x132034640;  1 drivers
v0x1316f5880_0 .net *"_ivl_1325", 0 0, L_0x132034750;  1 drivers
v0x1316f5930_0 .net *"_ivl_1326", 0 0, L_0x1320347f0;  1 drivers
v0x1316f59e0_0 .net *"_ivl_1329", 0 0, L_0x132034900;  1 drivers
v0x1316f5a90_0 .net *"_ivl_133", 0 0, L_0x132016c00;  1 drivers
v0x1316f5b40_0 .net *"_ivl_1332", 0 0, L_0x132034ab0;  1 drivers
v0x1316f5bf0_0 .net *"_ivl_1334", 0 0, L_0x132034b20;  1 drivers
v0x1316f5ca0_0 .net *"_ivl_1336", 0 0, L_0x132034c50;  1 drivers
v0x1316f5d50_0 .net *"_ivl_1338", 0 0, L_0x132034d40;  1 drivers
v0x1316f5e00_0 .net *"_ivl_134", 0 0, L_0x132016df0;  1 drivers
v0x1316f5eb0_0 .net *"_ivl_1340", 0 0, L_0x132034e30;  1 drivers
v0x1316f5f60_0 .net *"_ivl_1346", 0 0, L_0x132035040;  1 drivers
v0x1316f6010_0 .net *"_ivl_1348", 0 0, L_0x1320350f0;  1 drivers
v0x1316f60c0_0 .net *"_ivl_1350", 0 0, L_0x1320351e0;  1 drivers
v0x1316f6170_0 .net *"_ivl_1352", 0 0, L_0x1320352b0;  1 drivers
v0x1316f6220_0 .net *"_ivl_1354", 0 0, L_0x132035380;  1 drivers
v0x1316f62d0_0 .net *"_ivl_136", 0 0, L_0x132016790;  1 drivers
v0x1316f6380_0 .net *"_ivl_1360", 0 0, L_0x132035620;  1 drivers
v0x1316f6430_0 .net *"_ivl_1362", 0 0, L_0x1320356b0;  1 drivers
v0x1316f64e0_0 .net *"_ivl_1366", 0 0, L_0x1320357a0;  1 drivers
v0x1316f6590_0 .net *"_ivl_1368", 0 0, L_0x132035890;  1 drivers
v0x1316f6640_0 .net *"_ivl_1370", 0 0, L_0x1320359c0;  1 drivers
v0x1316f66f0_0 .net *"_ivl_1372", 0 0, L_0x132035a90;  1 drivers
v0x1316f67a0_0 .net *"_ivl_1374", 0 0, L_0x132035b80;  1 drivers
v0x1316f6850_0 .net *"_ivl_1376", 0 0, L_0x132035c70;  1 drivers
v0x1316f6900_0 .net *"_ivl_1378", 0 0, L_0x132035d60;  1 drivers
v0x1316f69b0_0 .net *"_ivl_1383", 0 0, L_0x132035e10;  1 drivers
v0x1316f6a60_0 .net *"_ivl_1387", 0 0, L_0x132035e80;  1 drivers
v0x1316f6b10_0 .net *"_ivl_139", 0 0, L_0x132016af0;  1 drivers
v0x1316f6bc0_0 .net *"_ivl_1390", 0 0, L_0x132036010;  1 drivers
v0x1316f6c70_0 .net *"_ivl_1396", 0 0, L_0x132036320;  1 drivers
v0x1316f6d20_0 .net *"_ivl_1399", 0 0, L_0x132036450;  1 drivers
v0x1316f6dd0_0 .net *"_ivl_14", 0 0, L_0x132013910;  1 drivers
v0x1316f6e80_0 .net *"_ivl_140", 0 0, L_0x132016b90;  1 drivers
v0x1316f6f30_0 .net *"_ivl_1401", 0 0, L_0x132036500;  1 drivers
v0x1316f6fe0_0 .net *"_ivl_1405", 0 0, L_0x1320365f0;  1 drivers
v0x1316f7090_0 .net *"_ivl_1407", 0 0, L_0x132036660;  1 drivers
v0x1316f7140_0 .net *"_ivl_1409", 0 0, L_0x132036750;  1 drivers
v0x1316f71f0_0 .net *"_ivl_1414", 0 0, L_0x132036920;  1 drivers
v0x1316f72a0_0 .net *"_ivl_1416", 0 0, L_0x132036990;  1 drivers
v0x1316f7350_0 .net *"_ivl_1418", 0 0, L_0x132036ac0;  1 drivers
v0x1316f7400_0 .net *"_ivl_142", 0 0, L_0x132016e60;  1 drivers
v0x1316f74b0_0 .net *"_ivl_1422", 0 0, L_0x132036bb0;  1 drivers
v0x1316f7560_0 .net *"_ivl_1427", 0 0, L_0x132036c20;  1 drivers
v0x1316f7610_0 .net *"_ivl_1432", 0 0, L_0x132036e10;  1 drivers
v0x1316f76c0_0 .net *"_ivl_1435", 0 0, L_0x132036ec0;  1 drivers
v0x1316f7770_0 .net *"_ivl_1437", 0 0, L_0x132037030;  1 drivers
v0x1316f7820_0 .net *"_ivl_1439", 0 0, L_0x1320371e0;  1 drivers
v0x1316f78d0_0 .net *"_ivl_1441", 0 0, L_0x132037250;  1 drivers
v0x1316f7980_0 .net *"_ivl_1443", 0 0, L_0x1320372c0;  1 drivers
v0x1316f7a30_0 .net *"_ivl_1445", 0 0, L_0x1320373d0;  1 drivers
v0x1316f7ae0_0 .net *"_ivl_1447", 0 0, L_0x1320374c0;  1 drivers
v0x1316f7b90_0 .net *"_ivl_1449", 0 0, L_0x1320375b0;  1 drivers
v0x1316f7c40_0 .net *"_ivl_145", 0 0, L_0x132017170;  1 drivers
v0x1316f7cf0_0 .net *"_ivl_1451", 0 0, L_0x1320376a0;  1 drivers
v0x1316f7da0_0 .net *"_ivl_1453", 0 0, L_0x132037790;  1 drivers
v0x1316f7e50_0 .net *"_ivl_1455", 0 0, L_0x132037840;  1 drivers
v0x1316f7f00_0 .net *"_ivl_1457", 0 0, L_0x132037910;  1 drivers
v0x1316f7fb0_0 .net *"_ivl_1459", 0 0, L_0x1320379e0;  1 drivers
v0x1316f8060_0 .net *"_ivl_146", 0 0, L_0x1320172f0;  1 drivers
v0x1316f8110_0 .net *"_ivl_1461", 0 0, L_0x132037ab0;  1 drivers
v0x1316f81c0_0 .net *"_ivl_1463", 0 0, L_0x132037bc0;  1 drivers
v0x1316f8270_0 .net *"_ivl_1465", 0 0, L_0x132037cb0;  1 drivers
v0x1316f8320_0 .net *"_ivl_1469", 0 0, L_0x132037da0;  1 drivers
v0x1316f83d0_0 .net *"_ivl_1471", 0 0, L_0x132037e10;  1 drivers
v0x1316f8480_0 .net *"_ivl_1473", 0 0, L_0x132037f00;  1 drivers
v0x1316f8530_0 .net *"_ivl_1475", 0 0, L_0x132038050;  1 drivers
v0x1316f85e0_0 .net *"_ivl_1477", 0 0, L_0x1320380e0;  1 drivers
v0x1316f8690_0 .net *"_ivl_1479", 0 0, L_0x1320381f0;  1 drivers
v0x1316f8740_0 .net *"_ivl_1481", 0 0, L_0x1320382a0;  1 drivers
v0x1316f87f0_0 .net *"_ivl_1483", 0 0, L_0x132038370;  1 drivers
v0x1316f88a0_0 .net *"_ivl_1485", 0 0, L_0x132038480;  1 drivers
v0x1316f8950_0 .net *"_ivl_1487", 0 0, L_0x132038530;  1 drivers
v0x1316f8a00_0 .net *"_ivl_1489", 0 0, L_0x132038680;  1 drivers
v0x1316f8ab0_0 .net *"_ivl_1491", 0 0, L_0x132038710;  1 drivers
v0x1316f8b60_0 .net *"_ivl_1493", 0 0, L_0x132038860;  1 drivers
v0x1316f8c10_0 .net *"_ivl_1495", 0 0, L_0x1320388f0;  1 drivers
v0x1316f8cc0_0 .net *"_ivl_1497", 0 0, L_0x132038a00;  1 drivers
v0x1316f8d70_0 .net *"_ivl_1499", 0 0, L_0x132038ab0;  1 drivers
v0x1316f8e20_0 .net *"_ivl_1503", 0 0, L_0x132038bc0;  1 drivers
v0x1316f8ed0_0 .net *"_ivl_1505", 0 0, L_0x132038cb0;  1 drivers
v0x1316f8f80_0 .net *"_ivl_1507", 0 0, L_0x132038de0;  1 drivers
v0x1316f9030_0 .net *"_ivl_1509", 0 0, L_0x132038e70;  1 drivers
v0x1316f90e0_0 .net *"_ivl_151", 0 0, L_0x132017040;  1 drivers
v0x1316f9190_0 .net *"_ivl_1511", 0 0, L_0x132038f80;  1 drivers
v0x1316f9240_0 .net *"_ivl_1513", 0 0, L_0x132039070;  1 drivers
v0x1316f92f0_0 .net *"_ivl_1515", 0 0, L_0x132039120;  1 drivers
v0x1316f93a0_0 .net *"_ivl_1517", 0 0, L_0x132039270;  1 drivers
v0x1316f9450_0 .net *"_ivl_1519", 0 0, L_0x132039300;  1 drivers
v0x1316f9500_0 .net *"_ivl_152", 0 0, L_0x1320170e0;  1 drivers
v0x1316f95b0_0 .net *"_ivl_1521", 0 0, L_0x1320393d0;  1 drivers
v0x1316f9660_0 .net *"_ivl_1523", 0 0, L_0x1320394a0;  1 drivers
v0x1316f9710_0 .net *"_ivl_1527", 0 0, L_0x1320395f0;  1 drivers
v0x1316f97c0_0 .net *"_ivl_1529", 0 0, L_0x132039700;  1 drivers
v0x1316f9870_0 .net *"_ivl_1531", 0 0, L_0x132039770;  1 drivers
v0x1316f9920_0 .net *"_ivl_1533", 0 0, L_0x1320398c0;  1 drivers
v0x1316f99d0_0 .net *"_ivl_1535", 0 0, L_0x132039950;  1 drivers
v0x1316f9a80_0 .net *"_ivl_1537", 0 0, L_0x132039aa0;  1 drivers
v0x1316f9b30_0 .net *"_ivl_1539", 0 0, L_0x132039b30;  1 drivers
v0x1316f9be0_0 .net *"_ivl_154", 0 0, L_0x132017360;  1 drivers
v0x1316f9c90_0 .net *"_ivl_1541", 0 0, L_0x132039c00;  1 drivers
v0x1316f9d40_0 .net *"_ivl_1543", 0 0, L_0x132039d50;  1 drivers
v0x1316f9df0_0 .net *"_ivl_1545", 0 0, L_0x132039de0;  1 drivers
v0x1316f9ea0_0 .net *"_ivl_1547", 0 0, L_0x132039f30;  1 drivers
v0x1316f9f50_0 .net *"_ivl_1549", 0 0, L_0x132039fc0;  1 drivers
v0x1316fa000_0 .net *"_ivl_1551", 0 0, L_0x13203a0d0;  1 drivers
v0x1316fa0b0_0 .net *"_ivl_1556", 0 0, L_0x13203a350;  1 drivers
v0x1316fa160_0 .net *"_ivl_1558", 0 0, L_0x13203a400;  1 drivers
v0x1316fa210_0 .net *"_ivl_1560", 0 0, L_0x13203a530;  1 drivers
v0x1316fa2c0_0 .net *"_ivl_1562", 0 0, L_0x13203a5c0;  1 drivers
v0x1316fa370_0 .net *"_ivl_1566", 0 0, L_0x13203a6b0;  1 drivers
v0x1316fa420_0 .net *"_ivl_1568", 0 0, L_0x13203a7a0;  1 drivers
v0x1316fa4d0_0 .net *"_ivl_157", 0 0, L_0x1320176b0;  1 drivers
v0x1316fa580_0 .net *"_ivl_1572", 0 0, L_0x13203a890;  1 drivers
v0x1316fa630_0 .net *"_ivl_1574", 0 0, L_0x13203a900;  1 drivers
v0x1316fa6e0_0 .net *"_ivl_158", 0 0, L_0x132017450;  1 drivers
v0x1316fa790_0 .net *"_ivl_1580", 0 0, L_0x13203ab50;  1 drivers
v0x1316fa840_0 .net *"_ivl_16", 0 0, L_0x1320139a0;  1 drivers
v0x1316fa8f0_0 .net *"_ivl_160", 0 0, L_0x132017250;  1 drivers
v0x1316fa9a0_0 .net *"_ivl_163", 0 0, L_0x1320175a0;  1 drivers
v0x1316faa50_0 .net *"_ivl_164", 0 0, L_0x132017640;  1 drivers
v0x1316fab00_0 .net *"_ivl_166", 0 0, L_0x132017950;  1 drivers
v0x1316fabb0_0 .net *"_ivl_169", 0 0, L_0x132017ce0;  1 drivers
v0x1316fac60_0 .net *"_ivl_170", 0 0, L_0x132017a60;  1 drivers
v0x1316fad10_0 .net *"_ivl_172", 0 0, L_0x132017b30;  1 drivers
v0x1316fadc0_0 .net *"_ivl_175", 0 0, L_0x132017c20;  1 drivers
v0x1316fae70_0 .net *"_ivl_176", 0 0, L_0x132017f80;  1 drivers
v0x1316faf20_0 .net *"_ivl_178", 0 0, L_0x132017dc0;  1 drivers
v0x1316fafd0_0 .net *"_ivl_181", 0 0, L_0x132017eb0;  1 drivers
v0x1316fb080_0 .net *"_ivl_182", 0 0, L_0x132015c30;  1 drivers
v0x1316fb130_0 .net *"_ivl_184", 0 0, L_0x132018030;  1 drivers
v0x1316fb1e0_0 .net *"_ivl_187", 0 0, L_0x1320180e0;  1 drivers
v0x1316fb290_0 .net *"_ivl_188", 0 0, L_0x132018180;  1 drivers
v0x1316fb340_0 .net *"_ivl_19", 0 0, L_0x132013ae0;  1 drivers
v0x1316fb3f0_0 .net *"_ivl_190", 0 0, L_0x132018310;  1 drivers
v0x1316fb4a0_0 .net *"_ivl_193", 0 0, L_0x132018420;  1 drivers
v0x1316fb550_0 .net *"_ivl_194", 0 0, L_0x1320181f0;  1 drivers
v0x1316fb600_0 .net *"_ivl_197", 0 0, L_0x132018530;  1 drivers
v0x1316fb6b0_0 .net *"_ivl_198", 0 0, L_0x132018a40;  1 drivers
v0x1316fb760_0 .net *"_ivl_2", 0 0, L_0x1316e3f50;  1 drivers
v0x1316fb810_0 .net *"_ivl_20", 0 0, L_0x132013bb0;  1 drivers
v0x1316fb8c0_0 .net *"_ivl_201", 0 0, L_0x132018ab0;  1 drivers
v0x1316fb970_0 .net *"_ivl_202", 0 0, L_0x132018710;  1 drivers
v0x1316fba20_0 .net *"_ivl_207", 0 0, L_0x132018890;  1 drivers
v0x1316fbad0_0 .net *"_ivl_208", 0 0, L_0x132018930;  1 drivers
v0x1316fbb80_0 .net *"_ivl_210", 0 0, L_0x132018ea0;  1 drivers
v0x1316fbc30_0 .net *"_ivl_213", 0 0, L_0x132018f10;  1 drivers
v0x1316fbce0_0 .net *"_ivl_214", 0 0, L_0x132018b50;  1 drivers
v0x1316fbd90_0 .net *"_ivl_216", 0 0, L_0x132018c20;  1 drivers
v0x1316fbe40_0 .net *"_ivl_219", 0 0, L_0x132018d30;  1 drivers
v0x1316fbef0_0 .net *"_ivl_22", 0 0, L_0x132013c60;  1 drivers
v0x1316fbfa0_0 .net *"_ivl_220", 0 0, L_0x132018dd0;  1 drivers
v0x1316fc050_0 .net *"_ivl_222", 0 0, L_0x132019330;  1 drivers
v0x1316fc100_0 .net *"_ivl_225", 0 0, L_0x132019420;  1 drivers
v0x1316fc1b0_0 .net *"_ivl_226", 0 0, L_0x132018fb0;  1 drivers
v0x1316fc260_0 .net *"_ivl_228", 0 0, L_0x132019060;  1 drivers
v0x1316fc310_0 .net *"_ivl_231", 0 0, L_0x132019170;  1 drivers
v0x1316fc3c0_0 .net *"_ivl_232", 0 0, L_0x132019210;  1 drivers
v0x1316fc470_0 .net *"_ivl_234", 0 0, L_0x1320192c0;  1 drivers
v0x1316fc520_0 .net *"_ivl_237", 0 0, L_0x132019910;  1 drivers
v0x1316fc5d0_0 .net *"_ivl_238", 0 0, L_0x1320194c0;  1 drivers
v0x1316fc680_0 .net *"_ivl_240", 0 0, L_0x132019570;  1 drivers
v0x1316fc730_0 .net *"_ivl_243", 0 0, L_0x132019680;  1 drivers
v0x1316fc7e0_0 .net *"_ivl_244", 0 0, L_0x132019720;  1 drivers
v0x1316fc890_0 .net *"_ivl_246", 0 0, L_0x1320197f0;  1 drivers
v0x1316fc940_0 .net *"_ivl_249", 0 0, L_0x132019e10;  1 drivers
v0x1316fc9f0_0 .net *"_ivl_25", 0 0, L_0x132013d90;  1 drivers
v0x1316fcaa0_0 .net *"_ivl_250", 0 0, L_0x1320199b0;  1 drivers
v0x1316fcb50_0 .net *"_ivl_253", 0 0, L_0x132019ac0;  1 drivers
v0x1316fcc00_0 .net *"_ivl_254", 0 0, L_0x132019b60;  1 drivers
v0x1316fccb0_0 .net *"_ivl_257", 0 0, L_0x132019c70;  1 drivers
v0x1316fcd60_0 .net *"_ivl_26", 0 0, L_0x132013e30;  1 drivers
v0x1316fce10_0 .net *"_ivl_261", 0 0, L_0x132019f50;  1 drivers
v0x1316fcec0_0 .net *"_ivl_262", 0 0, L_0x132019ff0;  1 drivers
v0x1316fcf70_0 .net *"_ivl_264", 0 0, L_0x13201a0a0;  1 drivers
v0x1316fd020_0 .net *"_ivl_267", 0 0, L_0x13201a170;  1 drivers
v0x1316fd0d0_0 .net *"_ivl_268", 0 0, L_0x13201a210;  1 drivers
v0x1316fd180_0 .net *"_ivl_270", 0 0, L_0x13201a2e0;  1 drivers
v0x1316fd230_0 .net *"_ivl_273", 0 0, L_0x13201a3f0;  1 drivers
v0x1316fd2e0_0 .net *"_ivl_274", 0 0, L_0x13201a490;  1 drivers
v0x1316fd390_0 .net *"_ivl_276", 0 0, L_0x13201a540;  1 drivers
v0x1316fd440_0 .net *"_ivl_279", 0 0, L_0x13201ab40;  1 drivers
v0x1316fd4f0_0 .net *"_ivl_280", 0 0, L_0x13201a650;  1 drivers
v0x1316fd5a0_0 .net *"_ivl_282", 0 0, L_0x13201a6c0;  1 drivers
v0x1316fd650_0 .net *"_ivl_285", 0 0, L_0x13201a7b0;  1 drivers
v0x1316fd700_0 .net *"_ivl_286", 0 0, L_0x13201a850;  1 drivers
v0x1316fd7b0_0 .net *"_ivl_288", 0 0, L_0x13201a900;  1 drivers
v0x1316fd860_0 .net *"_ivl_29", 0 0, L_0x132013f20;  1 drivers
v0x1316fd910_0 .net *"_ivl_291", 0 0, L_0x13201aa10;  1 drivers
v0x1316fd9c0_0 .net *"_ivl_292", 0 0, L_0x13201aab0;  1 drivers
v0x1316fda70_0 .net *"_ivl_294", 0 0, L_0x132017790;  1 drivers
v0x1316fdb20_0 .net *"_ivl_297", 0 0, L_0x13201abe0;  1 drivers
v0x1316fdbd0_0 .net *"_ivl_298", 0 0, L_0x132017880;  1 drivers
v0x1316fdc80_0 .net *"_ivl_300", 0 0, L_0x13201acc0;  1 drivers
v0x1316fdd30_0 .net *"_ivl_303", 0 0, L_0x13201add0;  1 drivers
v0x1316fdde0_0 .net *"_ivl_304", 0 0, L_0x13201ae70;  1 drivers
v0x1316fde90_0 .net *"_ivl_307", 0 0, L_0x13201af80;  1 drivers
v0x1316fdf40_0 .net *"_ivl_308", 0 0, L_0x13201b550;  1 drivers
v0x1316fdff0_0 .net *"_ivl_310", 0 0, L_0x13201b060;  1 drivers
v0x1316fe0a0_0 .net *"_ivl_313", 0 0, L_0x13201b170;  1 drivers
v0x1316fe150_0 .net *"_ivl_314", 0 0, L_0x13201b210;  1 drivers
v0x1316fe200_0 .net *"_ivl_319", 0 0, L_0x13201b3d0;  1 drivers
v0x1316fe2b0_0 .net *"_ivl_320", 0 0, L_0x13201b470;  1 drivers
v0x1316fe360_0 .net *"_ivl_322", 0 0, L_0x13201b5c0;  1 drivers
v0x1316fe410_0 .net *"_ivl_325", 0 0, L_0x13201b670;  1 drivers
v0x1316fe4c0_0 .net *"_ivl_326", 0 0, L_0x13201b710;  1 drivers
v0x1316fe570_0 .net *"_ivl_328", 0 0, L_0x13201b7e0;  1 drivers
v0x1316fe620_0 .net *"_ivl_33", 0 0, L_0x132014140;  1 drivers
v0x1316fe6d0_0 .net *"_ivl_331", 0 0, L_0x13201b8f0;  1 drivers
v0x1316fe780_0 .net *"_ivl_332", 0 0, L_0x13201b990;  1 drivers
v0x1316fe830_0 .net *"_ivl_334", 0 0, L_0x13201ba40;  1 drivers
v0x1316fe8e0_0 .net *"_ivl_337", 0 0, L_0x13201bb50;  1 drivers
v0x1316fe990_0 .net *"_ivl_338", 0 0, L_0x13201bde0;  1 drivers
v0x1316fea40_0 .net *"_ivl_34", 0 0, L_0x1320141e0;  1 drivers
v0x1316feaf0_0 .net *"_ivl_340", 0 0, L_0x13201be90;  1 drivers
v0x1316feba0_0 .net *"_ivl_343", 0 0, L_0x13201c340;  1 drivers
v0x1316fec50_0 .net *"_ivl_344", 0 0, L_0x13201c3e0;  1 drivers
v0x1316fed00_0 .net *"_ivl_346", 0 0, L_0x13201bfa0;  1 drivers
v0x1316fedb0_0 .net *"_ivl_349", 0 0, L_0x13201c0b0;  1 drivers
v0x1316fee60_0 .net *"_ivl_350", 0 0, L_0x13201bbf0;  1 drivers
v0x1316fef10_0 .net *"_ivl_352", 0 0, L_0x13201bca0;  1 drivers
v0x1316fefc0_0 .net *"_ivl_355", 0 0, L_0x13201c150;  1 drivers
v0x1316ff070_0 .net *"_ivl_356", 0 0, L_0x13201c1f0;  1 drivers
v0x1316ff120_0 .net *"_ivl_358", 0 0, L_0x13201c2a0;  1 drivers
v0x1316ff1d0_0 .net *"_ivl_36", 0 0, L_0x132014250;  1 drivers
v0x1316ff280_0 .net *"_ivl_361", 0 0, L_0x13201c510;  1 drivers
v0x1316ff330_0 .net *"_ivl_362", 0 0, L_0x1320185d0;  1 drivers
v0x1316ff3e0_0 .net *"_ivl_364", 0 0, L_0x13201c7b0;  1 drivers
v0x1316ff490_0 .net *"_ivl_367", 0 0, L_0x13201c860;  1 drivers
v0x1316ff540_0 .net *"_ivl_368", 0 0, L_0x13201c900;  1 drivers
v0x1316ff5f0_0 .net *"_ivl_370", 0 0, L_0x13201c9b0;  1 drivers
v0x1316ff6a0_0 .net *"_ivl_373", 0 0, L_0x13201cac0;  1 drivers
v0x1316ff750_0 .net *"_ivl_377", 0 0, L_0x13201ce90;  1 drivers
v0x1316ff800_0 .net *"_ivl_378", 0 0, L_0x13201cf30;  1 drivers
v0x1316ff8b0_0 .net *"_ivl_381", 0 0, L_0x13201d4d0;  1 drivers
v0x1316ff960_0 .net *"_ivl_382", 0 0, L_0x1320173d0;  1 drivers
v0x1316ffa10_0 .net *"_ivl_384", 0 0, L_0x13201cbc0;  1 drivers
v0x1316ffac0_0 .net *"_ivl_387", 0 0, L_0x13201ccd0;  1 drivers
v0x1316ffb70_0 .net *"_ivl_388", 0 0, L_0x13201cfc0;  1 drivers
v0x1316ffc20_0 .net *"_ivl_39", 0 0, L_0x1320143c0;  1 drivers
v0x1316ffcd0_0 .net *"_ivl_390", 0 0, L_0x13201d070;  1 drivers
v0x1316ffd80_0 .net *"_ivl_393", 0 0, L_0x13201d180;  1 drivers
v0x1316ffe30_0 .net *"_ivl_394", 0 0, L_0x13201d220;  1 drivers
v0x1316ffee0_0 .net *"_ivl_396", 0 0, L_0x13201d2d0;  1 drivers
v0x132004080_0 .net *"_ivl_399", 0 0, L_0x13201d5f0;  1 drivers
v0x132004110_0 .net *"_ivl_40", 0 0, L_0x1320144b0;  1 drivers
v0x1320041a0_0 .net *"_ivl_400", 0 0, L_0x13201d690;  1 drivers
v0x132004230_0 .net *"_ivl_402", 0 0, L_0x13201d740;  1 drivers
v0x1320042d0_0 .net *"_ivl_405", 0 0, L_0x13201d830;  1 drivers
v0x132004380_0 .net *"_ivl_406", 0 0, L_0x13201d8d0;  1 drivers
v0x132004430_0 .net *"_ivl_408", 0 0, L_0x13201d980;  1 drivers
v0x1320044e0_0 .net *"_ivl_411", 0 0, L_0x13201da90;  1 drivers
v0x132004590_0 .net *"_ivl_412", 0 0, L_0x13201dde0;  1 drivers
v0x132004640_0 .net *"_ivl_414", 0 0, L_0x13201de50;  1 drivers
v0x1320046f0_0 .net *"_ivl_417", 0 0, L_0x13201df40;  1 drivers
v0x1320047a0_0 .net *"_ivl_418", 0 0, L_0x13201db90;  1 drivers
v0x132004850_0 .net *"_ivl_42", 0 0, L_0x132014520;  1 drivers
v0x132004900_0 .net *"_ivl_421", 0 0, L_0x13201dca0;  1 drivers
v0x1320049b0_0 .net *"_ivl_422", 0 0, L_0x13201dd40;  1 drivers
v0x132004a60_0 .net *"_ivl_424", 0 0, L_0x13201e280;  1 drivers
v0x132004b10_0 .net *"_ivl_427", 0 0, L_0x13201e370;  1 drivers
v0x132004bc0_0 .net *"_ivl_431", 0 0, L_0x13201e0f0;  1 drivers
v0x132004c70_0 .net *"_ivl_432", 0 0, L_0x13201e190;  1 drivers
v0x132004d20_0 .net *"_ivl_435", 0 0, L_0x13201e6c0;  1 drivers
v0x132004dd0_0 .net *"_ivl_436", 0 0, L_0x13201e410;  1 drivers
v0x132004e80_0 .net *"_ivl_438", 0 0, L_0x13201e4c0;  1 drivers
v0x132004f30_0 .net *"_ivl_441", 0 0, L_0x13201e5d0;  1 drivers
v0x132004fe0_0 .net *"_ivl_442", 0 0, L_0x13201e9e0;  1 drivers
v0x132005090_0 .net *"_ivl_444", 0 0, L_0x13201ea90;  1 drivers
v0x132005140_0 .net *"_ivl_447", 0 0, L_0x13201eba0;  1 drivers
v0x1320051f0_0 .net *"_ivl_448", 0 0, L_0x13201e760;  1 drivers
v0x1320052a0_0 .net *"_ivl_45", 0 0, L_0x132014680;  1 drivers
v0x132005350_0 .net *"_ivl_450", 0 0, L_0x13201e810;  1 drivers
v0x132005400_0 .net *"_ivl_453", 0 0, L_0x13201e920;  1 drivers
v0x1320054b0_0 .net *"_ivl_454", 0 0, L_0x13201eed0;  1 drivers
v0x132005560_0 .net *"_ivl_456", 0 0, L_0x13201ef80;  1 drivers
v0x132005610_0 .net *"_ivl_459", 0 0, L_0x13201f070;  1 drivers
v0x1320056c0_0 .net *"_ivl_46", 0 0, L_0x132014720;  1 drivers
v0x132005770_0 .net *"_ivl_460", 0 0, L_0x13201ec40;  1 drivers
v0x132005820_0 .net *"_ivl_462", 0 0, L_0x13201ecf0;  1 drivers
v0x1320058d0_0 .net *"_ivl_465", 0 0, L_0x13201ee00;  1 drivers
v0x132005980_0 .net *"_ivl_466", 0 0, L_0x13201f3b0;  1 drivers
v0x132005a30_0 .net *"_ivl_468", 0 0, L_0x13201f460;  1 drivers
v0x132005ae0_0 .net *"_ivl_471", 0 0, L_0x13201f550;  1 drivers
v0x132005b90_0 .net *"_ivl_472", 0 0, L_0x13201f110;  1 drivers
v0x132005c40_0 .net *"_ivl_475", 0 0, L_0x13201f220;  1 drivers
v0x132005cf0_0 .net *"_ivl_476", 0 0, L_0x13201f2c0;  1 drivers
v0x132005da0_0 .net *"_ivl_478", 0 0, L_0x13201f8a0;  1 drivers
v0x132005e50_0 .net *"_ivl_48", 0 0, L_0x132014790;  1 drivers
v0x132005f00_0 .net *"_ivl_481", 0 0, L_0x13201f990;  1 drivers
v0x132005fb0_0 .net *"_ivl_485", 0 0, L_0x13201f6e0;  1 drivers
v0x132006060_0 .net *"_ivl_486", 0 0, L_0x13201f780;  1 drivers
v0x132006110_0 .net *"_ivl_488", 0 0, L_0x13201f830;  1 drivers
v0x1320061c0_0 .net *"_ivl_491", 0 0, L_0x13201fd50;  1 drivers
v0x132006270_0 .net *"_ivl_492", 0 0, L_0x13201fa30;  1 drivers
v0x132006320_0 .net *"_ivl_494", 0 0, L_0x13201fb00;  1 drivers
v0x1320063d0_0 .net *"_ivl_497", 0 0, L_0x13201fc10;  1 drivers
v0x132006480_0 .net *"_ivl_498", 0 0, L_0x1320200c0;  1 drivers
v0x132006530_0 .net *"_ivl_5", 0 0, L_0x132013450;  1 drivers
v0x1320065e0_0 .net *"_ivl_500", 0 0, L_0x132020130;  1 drivers
v0x132006690_0 .net *"_ivl_503", 0 0, L_0x132020240;  1 drivers
v0x132006740_0 .net *"_ivl_504", 0 0, L_0x13201fdf0;  1 drivers
v0x1320067f0_0 .net *"_ivl_506", 0 0, L_0x13201fea0;  1 drivers
v0x1320068a0_0 .net *"_ivl_509", 0 0, L_0x13201ffb0;  1 drivers
v0x132006950_0 .net *"_ivl_51", 0 0, L_0x132014900;  1 drivers
v0x132006a00_0 .net *"_ivl_510", 0 0, L_0x132020050;  1 drivers
v0x132006ab0_0 .net *"_ivl_512", 0 0, L_0x132020600;  1 drivers
v0x132006b60_0 .net *"_ivl_515", 0 0, L_0x132020710;  1 drivers
v0x132006c10_0 .net *"_ivl_516", 0 0, L_0x1320202e0;  1 drivers
v0x132006cc0_0 .net *"_ivl_518", 0 0, L_0x132020390;  1 drivers
v0x132006d70_0 .net *"_ivl_52", 0 0, L_0x132014a20;  1 drivers
v0x132006e20_0 .net *"_ivl_521", 0 0, L_0x1320204a0;  1 drivers
v0x132006ed0_0 .net *"_ivl_522", 0 0, L_0x132020540;  1 drivers
v0x132006f80_0 .net *"_ivl_524", 0 0, L_0x132020ae0;  1 drivers
v0x132007030_0 .net *"_ivl_527", 0 0, L_0x132020bf0;  1 drivers
v0x1320070e0_0 .net *"_ivl_528", 0 0, L_0x1320207b0;  1 drivers
v0x132007190_0 .net *"_ivl_530", 0 0, L_0x132020860;  1 drivers
v0x132007240_0 .net *"_ivl_533", 0 0, L_0x132020970;  1 drivers
v0x1320072f0_0 .net *"_ivl_534", 0 0, L_0x132020a10;  1 drivers
v0x1320073a0_0 .net *"_ivl_537", 0 0, L_0x132021010;  1 drivers
v0x132007450_0 .net *"_ivl_538", 0 0, L_0x132020c90;  1 drivers
v0x132007500_0 .net *"_ivl_54", 0 0, L_0x132014a90;  1 drivers
v0x1320075b0_0 .net *"_ivl_543", 0 0, L_0x132020e50;  1 drivers
v0x132007660_0 .net *"_ivl_544", 0 0, L_0x132020ef0;  1 drivers
v0x132007710_0 .net *"_ivl_546", 0 0, L_0x132021400;  1 drivers
v0x1320077c0_0 .net *"_ivl_549", 0 0, L_0x1320214b0;  1 drivers
v0x132007870_0 .net *"_ivl_550", 0 0, L_0x1320210b0;  1 drivers
v0x132007920_0 .net *"_ivl_552", 0 0, L_0x132021180;  1 drivers
v0x1320079d0_0 .net *"_ivl_555", 0 0, L_0x132021290;  1 drivers
v0x132007a80_0 .net *"_ivl_556", 0 0, L_0x132021330;  1 drivers
v0x132007b30_0 .net *"_ivl_558", 0 0, L_0x1320218b0;  1 drivers
v0x132007be0_0 .net *"_ivl_561", 0 0, L_0x1320219a0;  1 drivers
v0x132007c90_0 .net *"_ivl_562", 0 0, L_0x132021550;  1 drivers
v0x132007d40_0 .net *"_ivl_564", 0 0, L_0x132021600;  1 drivers
v0x132007df0_0 .net *"_ivl_567", 0 0, L_0x132021710;  1 drivers
v0x132007ea0_0 .net *"_ivl_568", 0 0, L_0x1320217b0;  1 drivers
v0x132007f50_0 .net *"_ivl_57", 0 0, L_0x132014c10;  1 drivers
v0x132008000_0 .net *"_ivl_570", 0 0, L_0x132021d70;  1 drivers
v0x1320080b0_0 .net *"_ivl_573", 0 0, L_0x132021e80;  1 drivers
v0x132008160_0 .net *"_ivl_574", 0 0, L_0x132021a40;  1 drivers
v0x132008210_0 .net *"_ivl_576", 0 0, L_0x132021af0;  1 drivers
v0x1320082c0_0 .net *"_ivl_579", 0 0, L_0x132021c00;  1 drivers
v0x132008370_0 .net *"_ivl_58", 0 0, L_0x132014880;  1 drivers
v0x132008420_0 .net *"_ivl_580", 0 0, L_0x132021ca0;  1 drivers
v0x1320084d0_0 .net *"_ivl_582", 0 0, L_0x132022260;  1 drivers
v0x132008580_0 .net *"_ivl_585", 0 0, L_0x132022350;  1 drivers
v0x132008630_0 .net *"_ivl_586", 0 0, L_0x132021f20;  1 drivers
v0x1320086e0_0 .net *"_ivl_588", 0 0, L_0x132021fd0;  1 drivers
v0x132008790_0 .net *"_ivl_591", 0 0, L_0x1320220e0;  1 drivers
v0x132008840_0 .net *"_ivl_592", 0 0, L_0x132022180;  1 drivers
v0x1320088f0_0 .net *"_ivl_595", 0 0, L_0x132022780;  1 drivers
v0x1320089a0_0 .net *"_ivl_599", 0 0, L_0x132022500;  1 drivers
v0x132008a50_0 .net *"_ivl_6", 0 0, L_0x132013530;  1 drivers
v0x132008b00_0 .net *"_ivl_60", 0 0, L_0x132014cf0;  1 drivers
v0x132008bb0_0 .net *"_ivl_600", 0 0, L_0x1320226a0;  1 drivers
v0x132008c60_0 .net *"_ivl_603", 0 0, L_0x132022b80;  1 drivers
v0x132008d10_0 .net *"_ivl_604", 0 0, L_0x132022820;  1 drivers
v0x132008dc0_0 .net *"_ivl_606", 0 0, L_0x132022890;  1 drivers
v0x132008e70_0 .net *"_ivl_609", 0 0, L_0x1320229a0;  1 drivers
v0x132008f20_0 .net *"_ivl_610", 0 0, L_0x132022a40;  1 drivers
v0x132008fd0_0 .net *"_ivl_612", 0 0, L_0x132022af0;  1 drivers
v0x132009080_0 .net *"_ivl_615", 0 0, L_0x132023010;  1 drivers
v0x132009130_0 .net *"_ivl_616", 0 0, L_0x132022c20;  1 drivers
v0x1320091e0_0 .net *"_ivl_618", 0 0, L_0x132022cd0;  1 drivers
v0x132009290_0 .net *"_ivl_621", 0 0, L_0x132022de0;  1 drivers
v0x132009340_0 .net *"_ivl_622", 0 0, L_0x132022e80;  1 drivers
v0x1320093f0_0 .net *"_ivl_624", 0 0, L_0x132023430;  1 drivers
v0x1320094a0_0 .net *"_ivl_627", 0 0, L_0x1320234e0;  1 drivers
v0x132009550_0 .net *"_ivl_628", 0 0, L_0x1320230b0;  1 drivers
v0x132009600_0 .net *"_ivl_63", 0 0, L_0x132014e80;  1 drivers
v0x1320096b0_0 .net *"_ivl_631", 0 0, L_0x1320231c0;  1 drivers
v0x132009760_0 .net *"_ivl_635", 0 0, L_0x132023370;  1 drivers
v0x132009810_0 .net *"_ivl_636", 0 0, L_0x132023920;  1 drivers
v0x1320098c0_0 .net *"_ivl_638", 0 0, L_0x1320239d0;  1 drivers
v0x132009970_0 .net *"_ivl_64", 0 0, L_0x132014b80;  1 drivers
v0x132009a20_0 .net *"_ivl_641", 0 0, L_0x132023ac0;  1 drivers
v0x132009ad0_0 .net *"_ivl_642", 0 0, L_0x13201c5b0;  1 drivers
v0x132009b80_0 .net *"_ivl_644", 0 0, L_0x13201c660;  1 drivers
v0x132009c30_0 .net *"_ivl_647", 0 0, L_0x132023b60;  1 drivers
v0x132009ce0_0 .net *"_ivl_648", 0 0, L_0x132023580;  1 drivers
v0x132009d90_0 .net *"_ivl_653", 0 0, L_0x132023700;  1 drivers
v0x132009e40_0 .net *"_ivl_654", 0 0, L_0x1320237a0;  1 drivers
v0x132009ef0_0 .net *"_ivl_656", 0 0, L_0x132023850;  1 drivers
v0x132009fa0_0 .net *"_ivl_659", 0 0, L_0x132023fb0;  1 drivers
v0x13200a050_0 .net *"_ivl_66", 0 0, L_0x132014f60;  1 drivers
v0x13200a100_0 .net *"_ivl_660", 0 0, L_0x132023c00;  1 drivers
v0x13200a1b0_0 .net *"_ivl_662", 0 0, L_0x132023cd0;  1 drivers
v0x13200a260_0 .net *"_ivl_665", 0 0, L_0x132023de0;  1 drivers
v0x13200a310_0 .net *"_ivl_669", 0 0, L_0x132024410;  1 drivers
v0x13200a3c0_0 .net *"_ivl_670", 0 0, L_0x132024050;  1 drivers
v0x13200a470_0 .net *"_ivl_672", 0 0, L_0x132024100;  1 drivers
v0x13200a520_0 .net *"_ivl_675", 0 0, L_0x1320241f0;  1 drivers
v0x13200a5d0_0 .net *"_ivl_676", 0 0, L_0x132024290;  1 drivers
v0x13200a680_0 .net *"_ivl_679", 0 0, L_0x132024880;  1 drivers
v0x13200a730_0 .net *"_ivl_680", 0 0, L_0x1320244b0;  1 drivers
v0x13200a7e0_0 .net *"_ivl_685", 0 0, L_0x132024630;  1 drivers
v0x13200a890_0 .net *"_ivl_686", 0 0, L_0x1320246d0;  1 drivers
v0x13200a940_0 .net *"_ivl_689", 0 0, L_0x1320247a0;  1 drivers
v0x13200a9f0_0 .net *"_ivl_69", 0 0, L_0x132014de0;  1 drivers
v0x13200aaa0_0 .net *"_ivl_690", 0 0, L_0x132024d10;  1 drivers
v0x13200ab50_0 .net *"_ivl_692", 0 0, L_0x132024dc0;  1 drivers
v0x13200ac00_0 .net *"_ivl_695", 0 0, L_0x132024eb0;  1 drivers
v0x13200acb0_0 .net *"_ivl_696", 0 0, L_0x132024f50;  1 drivers
v0x13200ad60_0 .net *"_ivl_70", 0 0, L_0x132015100;  1 drivers
v0x13200ae10_0 .net *"_ivl_701", 0 0, L_0x132025110;  1 drivers
v0x13200aec0_0 .net *"_ivl_702", 0 0, L_0x132024920;  1 drivers
v0x13200af70_0 .net *"_ivl_705", 0 0, L_0x1320249f0;  1 drivers
v0x13200b020_0 .net *"_ivl_706", 0 0, L_0x132024a90;  1 drivers
v0x13200b0d0_0 .net *"_ivl_708", 0 0, L_0x132024b60;  1 drivers
v0x13200b180_0 .net *"_ivl_711", 0 0, L_0x132024c70;  1 drivers
v0x13200b230_0 .net *"_ivl_715", 0 0, L_0x1320252c0;  1 drivers
v0x13200b2e0_0 .net *"_ivl_716", 0 0, L_0x132025360;  1 drivers
v0x13200b390_0 .net *"_ivl_719", 0 0, L_0x132025410;  1 drivers
v0x13200b440_0 .net *"_ivl_72", 0 0, L_0x1320151b0;  1 drivers
v0x13200b4f0_0 .net *"_ivl_720", 0 0, L_0x1320225a0;  1 drivers
v0x13200b5a0_0 .net *"_ivl_722", 0 0, L_0x1320256b0;  1 drivers
v0x13200b650_0 .net *"_ivl_725", 0 0, L_0x1320257a0;  1 drivers
v0x13200b700_0 .net *"_ivl_726", 0 0, L_0x132025840;  1 drivers
v0x13200b7b0_0 .net *"_ivl_729", 0 0, L_0x132025950;  1 drivers
v0x13200b860_0 .net *"_ivl_730", 0 0, L_0x1320259f0;  1 drivers
v0x13200b910_0 .net *"_ivl_732", 0 0, L_0x132025aa0;  1 drivers
v0x13200b9c0_0 .net *"_ivl_735", 0 0, L_0x132025bb0;  1 drivers
v0x13200ba70_0 .net *"_ivl_736", 0 0, L_0x132025c50;  1 drivers
v0x13200bb20_0 .net *"_ivl_738", 0 0, L_0x132025d00;  1 drivers
v0x13200bbd0_0 .net *"_ivl_741", 0 0, L_0x132025e10;  1 drivers
v0x13200bc80_0 .net *"_ivl_742", 0 0, L_0x132025eb0;  1 drivers
v0x13200bd30_0 .net *"_ivl_745", 0 0, L_0x132025fc0;  1 drivers
v0x13200bde0_0 .net *"_ivl_749", 0 0, L_0x132026170;  1 drivers
v0x13200be90_0 .net *"_ivl_75", 0 0, L_0x132015380;  1 drivers
v0x13200bf40_0 .net *"_ivl_750", 0 0, L_0x132026210;  1 drivers
v0x13200bff0_0 .net *"_ivl_752", 0 0, L_0x1320262c0;  1 drivers
v0x13200c0a0_0 .net *"_ivl_755", 0 0, L_0x1320263d0;  1 drivers
v0x13200c150_0 .net *"_ivl_756", 0 0, L_0x132026470;  1 drivers
v0x13200c200_0 .net *"_ivl_758", 0 0, L_0x132026520;  1 drivers
v0x13200c2b0_0 .net *"_ivl_76", 0 0, L_0x132014610;  1 drivers
v0x13200c360_0 .net *"_ivl_761", 0 0, L_0x132026630;  1 drivers
v0x13200c410_0 .net *"_ivl_762", 0 0, L_0x1320266d0;  1 drivers
v0x13200c4c0_0 .net *"_ivl_767", 0 0, L_0x132026890;  1 drivers
v0x13200c570_0 .net *"_ivl_768", 0 0, L_0x132026930;  1 drivers
v0x13200c620_0 .net *"_ivl_771", 0 0, L_0x132026a00;  1 drivers
v0x13200c6d0_0 .net *"_ivl_772", 0 0, L_0x132026aa0;  1 drivers
v0x13200c780_0 .net *"_ivl_775", 0 0, L_0x132026bd0;  1 drivers
v0x13200c830_0 .net *"_ivl_776", 0 0, L_0x132026c70;  1 drivers
v0x13200c8e0_0 .net *"_ivl_78", 0 0, L_0x132015460;  1 drivers
v0x13200c990_0 .net *"_ivl_781", 0 0, L_0x132026e30;  1 drivers
v0x13200ca40_0 .net *"_ivl_782", 0 0, L_0x132026ed0;  1 drivers
v0x13200caf0_0 .net *"_ivl_785", 0 0, L_0x132026fe0;  1 drivers
v0x13200cba0_0 .net *"_ivl_786", 0 0, L_0x132027080;  1 drivers
v0x13200cc50_0 .net *"_ivl_788", 0 0, L_0x132027150;  1 drivers
v0x13200cd00_0 .net *"_ivl_791", 0 0, L_0x132027260;  1 drivers
v0x13200cdb0_0 .net *"_ivl_792", 0 0, L_0x132027300;  1 drivers
v0x13200ce60_0 .net *"_ivl_797", 0 0, L_0x1320274c0;  1 drivers
v0x13200cf10_0 .net *"_ivl_798", 0 0, L_0x132027560;  1 drivers
v0x13200cfc0_0 .net *"_ivl_801", 0 0, L_0x132027630;  1 drivers
v0x13200d070_0 .net *"_ivl_802", 0 0, L_0x1320276d0;  1 drivers
v0x13200d120_0 .net *"_ivl_805", 0 0, L_0x132027800;  1 drivers
v0x13200d1d0_0 .net *"_ivl_809", 0 0, L_0x1320279b0;  1 drivers
v0x13200d280_0 .net *"_ivl_81", 0 0, L_0x132015640;  1 drivers
v0x13200d330_0 .net *"_ivl_810", 0 0, L_0x132027a50;  1 drivers
v0x13200d3e0_0 .net *"_ivl_812", 0 0, L_0x132027b00;  1 drivers
v0x13200d490_0 .net *"_ivl_815", 0 0, L_0x132027bd0;  1 drivers
v0x13200d540_0 .net *"_ivl_816", 0 0, L_0x132027c70;  1 drivers
v0x13200d5f0_0 .net *"_ivl_819", 0 0, L_0x132027da0;  1 drivers
v0x13200d6a0_0 .net *"_ivl_82", 0 0, L_0x132015300;  1 drivers
v0x13200d750_0 .net *"_ivl_820", 0 0, L_0x132027e40;  1 drivers
v0x13200d800_0 .net *"_ivl_822", 0 0, L_0x132027ef0;  1 drivers
v0x13200d8b0_0 .net *"_ivl_825", 0 0, L_0x132028000;  1 drivers
v0x13200d960_0 .net *"_ivl_826", 0 0, L_0x1320280a0;  1 drivers
v0x13200da10_0 .net *"_ivl_828", 0 0, L_0x132028150;  1 drivers
v0x13200dac0_0 .net *"_ivl_831", 0 0, L_0x132028260;  1 drivers
v0x13200db70_0 .net *"_ivl_832", 0 0, L_0x132028300;  1 drivers
v0x13200dc20_0 .net *"_ivl_834", 0 0, L_0x1320283b0;  1 drivers
v0x13200dcd0_0 .net *"_ivl_837", 0 0, L_0x1320284c0;  1 drivers
v0x13200dd80_0 .net *"_ivl_838", 0 0, L_0x132028560;  1 drivers
v0x13200de30_0 .net *"_ivl_84", 0 0, L_0x132015720;  1 drivers
v0x13200dee0_0 .net *"_ivl_840", 0 0, L_0x132028610;  1 drivers
v0x13200df90_0 .net *"_ivl_843", 0 0, L_0x132028720;  1 drivers
v0x13200e040_0 .net *"_ivl_844", 0 0, L_0x1320287c0;  1 drivers
v0x13200e0f0_0 .net *"_ivl_846", 0 0, L_0x132028870;  1 drivers
v0x13200e1a0_0 .net *"_ivl_849", 0 0, L_0x132028980;  1 drivers
v0x13200e250_0 .net *"_ivl_850", 0 0, L_0x132028a20;  1 drivers
v0x13200e300_0 .net *"_ivl_853", 0 0, L_0x132028b30;  1 drivers
v0x13200e3b0_0 .net *"_ivl_854", 0 0, L_0x132028bd0;  1 drivers
v0x13200e460_0 .net *"_ivl_856", 0 0, L_0x132028c80;  1 drivers
v0x13200e510_0 .net *"_ivl_859", 0 0, L_0x132028d90;  1 drivers
v0x13200e5c0_0 .net *"_ivl_863", 0 0, L_0x132028f40;  1 drivers
v0x13200e670_0 .net *"_ivl_864", 0 0, L_0x132028fe0;  1 drivers
v0x13200e720_0 .net *"_ivl_866", 0 0, L_0x132029090;  1 drivers
v0x13200e7d0_0 .net *"_ivl_869", 0 0, L_0x132029160;  1 drivers
v0x13200e880_0 .net *"_ivl_87", 0 0, L_0x1320158f0;  1 drivers
v0x13200e930_0 .net *"_ivl_870", 0 0, L_0x132029200;  1 drivers
v0x13200e9e0_0 .net *"_ivl_872", 0 0, L_0x1320292d0;  1 drivers
v0x13200ea90_0 .net *"_ivl_875", 0 0, L_0x1320293e0;  1 drivers
v0x13200eb40_0 .net *"_ivl_876", 0 0, L_0x132029480;  1 drivers
v0x13200ebf0_0 .net *"_ivl_878", 0 0, L_0x132029530;  1 drivers
v0x13200eca0_0 .net *"_ivl_88", 0 0, L_0x132015990;  1 drivers
v0x13200ed50_0 .net *"_ivl_881", 0 0, L_0x132029640;  1 drivers
v0x13200ee00_0 .net *"_ivl_882", 0 0, L_0x1320296e0;  1 drivers
v0x13200eeb0_0 .net *"_ivl_884", 0 0, L_0x132029790;  1 drivers
v0x13200ef60_0 .net *"_ivl_887", 0 0, L_0x1320298a0;  1 drivers
v0x13200f010_0 .net *"_ivl_888", 0 0, L_0x132029940;  1 drivers
v0x13200f0c0_0 .net *"_ivl_890", 0 0, L_0x1320299f0;  1 drivers
v0x13200f170_0 .net *"_ivl_893", 0 0, L_0x132029b00;  1 drivers
v0x13200f220_0 .net *"_ivl_894", 0 0, L_0x132029ba0;  1 drivers
v0x13200f2d0_0 .net *"_ivl_896", 0 0, L_0x132029c50;  1 drivers
v0x13200f380_0 .net *"_ivl_899", 0 0, L_0x132029d60;  1 drivers
v0x13200f430_0 .net *"_ivl_9", 0 0, L_0x132013620;  1 drivers
v0x13200f4e0_0 .net *"_ivl_900", 0 0, L_0x132029e00;  1 drivers
v0x13200f590_0 .net *"_ivl_902", 0 0, L_0x132029eb0;  1 drivers
v0x13200f640_0 .net *"_ivl_905", 0 0, L_0x132029fc0;  1 drivers
v0x13200f6f0_0 .net *"_ivl_906", 0 0, L_0x13202a060;  1 drivers
v0x13200f7a0_0 .net *"_ivl_909", 0 0, L_0x13202a170;  1 drivers
v0x13200f850_0 .net *"_ivl_910", 0 0, L_0x13202a210;  1 drivers
v0x13200f900_0 .net *"_ivl_912", 0 0, L_0x13202a2c0;  1 drivers
v0x13200f9b0_0 .net *"_ivl_915", 0 0, L_0x13202a3d0;  1 drivers
v0x13200fa60_0 .net *"_ivl_919", 0 0, L_0x13202a580;  1 drivers
v0x13200fb10_0 .net *"_ivl_920", 0 0, L_0x13202a620;  1 drivers
v0x13200fbc0_0 .net *"_ivl_922", 0 0, L_0x13202a6d0;  1 drivers
v0x13200fc70_0 .net *"_ivl_925", 0 0, L_0x13202a8a0;  1 drivers
v0x13200fd20_0 .net *"_ivl_926", 0 0, L_0x132026f60;  1 drivers
v0x13200fdd0_0 .net *"_ivl_928", 0 0, L_0x13202a9a0;  1 drivers
v0x13200fe80_0 .net *"_ivl_93", 0 0, L_0x132015b90;  1 drivers
v0x13200ff30_0 .net *"_ivl_931", 0 0, L_0x13202aab0;  1 drivers
v0x13200ffe0_0 .net *"_ivl_932", 0 0, L_0x13202ab50;  1 drivers
v0x132010090_0 .net *"_ivl_934", 0 0, L_0x13202ac00;  1 drivers
v0x132010140_0 .net *"_ivl_937", 0 0, L_0x13202ad10;  1 drivers
v0x1320101f0_0 .net *"_ivl_938", 0 0, L_0x13202adb0;  1 drivers
v0x1320102a0_0 .net *"_ivl_94", 0 0, L_0x132015810;  1 drivers
v0x132010350_0 .net *"_ivl_940", 0 0, L_0x13202ae60;  1 drivers
v0x132010400_0 .net *"_ivl_943", 0 0, L_0x13202af70;  1 drivers
v0x1320104b0_0 .net *"_ivl_944", 0 0, L_0x13202b010;  1 drivers
v0x132010560_0 .net *"_ivl_946", 0 0, L_0x13202b0c0;  1 drivers
v0x132010610_0 .net *"_ivl_949", 0 0, L_0x13202b1d0;  1 drivers
v0x1320106c0_0 .net *"_ivl_950", 0 0, L_0x13202b270;  1 drivers
v0x132010770_0 .net *"_ivl_952", 0 0, L_0x13202b320;  1 drivers
v0x132010820_0 .net *"_ivl_955", 0 0, L_0x13202b430;  1 drivers
v0x1320108d0_0 .net *"_ivl_956", 0 0, L_0x13202b4d0;  1 drivers
v0x132010980_0 .net *"_ivl_958", 0 0, L_0x13202b580;  1 drivers
v0x132010a30_0 .net *"_ivl_96", 0 0, L_0x1320149a0;  1 drivers
v0x132010ae0_0 .net *"_ivl_961", 0 0, L_0x13202b690;  1 drivers
v0x132010b90_0 .net *"_ivl_962", 0 0, L_0x13202b730;  1 drivers
v0x132010c40_0 .net *"_ivl_964", 0 0, L_0x13202b7e0;  1 drivers
v0x132010cf0_0 .net *"_ivl_967", 0 0, L_0x13202b8f0;  1 drivers
v0x132010da0_0 .net *"_ivl_968", 0 0, L_0x13202b990;  1 drivers
v0x132010e50_0 .net *"_ivl_970", 0 0, L_0x13202ba40;  1 drivers
v0x132010f00_0 .net *"_ivl_973", 0 0, L_0x13202bb50;  1 drivers
v0x132010fb0_0 .net *"_ivl_977", 0 0, L_0x13202bd00;  1 drivers
v0x132011060_0 .net *"_ivl_978", 0 0, L_0x13202bda0;  1 drivers
v0x132011110_0 .net *"_ivl_980", 0 0, L_0x13202be50;  1 drivers
v0x1320111c0_0 .net *"_ivl_983", 0 0, L_0x13202bf20;  1 drivers
v0x132011270_0 .net *"_ivl_984", 0 0, L_0x13202bfc0;  1 drivers
v0x132011320_0 .net *"_ivl_987", 0 0, L_0x13202c0f0;  1 drivers
v0x1320113d0_0 .net *"_ivl_988", 0 0, L_0x13202c190;  1 drivers
v0x132011480_0 .net *"_ivl_99", 0 0, L_0x132015e70;  1 drivers
v0x132011530_0 .net *"_ivl_993", 0 0, L_0x13202c350;  1 drivers
v0x1320115e0_0 .net *"_ivl_994", 0 0, L_0x13202c3f0;  1 drivers
v0x132011690_0 .net *"_ivl_996", 0 0, L_0x13202c4a0;  1 drivers
v0x132011740_0 .net *"_ivl_999", 0 0, L_0x13202c570;  1 drivers
v0x1320117f0_0 .net "i_add", 0 0, L_0x132015050;  1 drivers
v0x132011890_0 .net "i_addi", 0 0, L_0x132026780;  1 drivers
v0x132011930_0 .net "i_and", 0 0, L_0x132019d10;  1 drivers
v0x1320119d0_0 .net "i_andi", 0 0, L_0x1320278a0;  1 drivers
v0x132011a70_0 .net "i_auipc", 0 0, L_0x1320349a0;  1 drivers
v0x132011b10_0 .net "i_beq", 0 0, L_0x1320307d0;  1 drivers
v0x132011bb0_0 .net "i_bge", 0 0, L_0x132031a50;  1 drivers
v0x132011c50_0 .net "i_bgeu", 0 0, L_0x1320324e0;  1 drivers
v0x132011cf0_0 .net "i_blt", 0 0, L_0x1320314b0;  1 drivers
v0x132011d90_0 .net "i_bltu", 0 0, L_0x132031ff0;  1 drivers
v0x132011e30_0 .net "i_bne", 0 0, L_0x132030e20;  1 drivers
v0x132011ed0_0 .net "i_jal", 0 0, L_0x132033070;  1 drivers
v0x132011f70_0 .net "i_jalr", 0 0, L_0x13202d420;  1 drivers
v0x132012010_0 .net "i_lb", 0 0, L_0x1320235f0;  1 drivers
v0x1320120b0_0 .net "i_lbu", 0 0, L_0x132025000;  1 drivers
v0x132012150_0 .net "i_lh", 0 0, L_0x132023e80;  1 drivers
v0x1320121f0_0 .net "i_lhu", 0 0, L_0x1320251b0;  1 drivers
v0x132012290_0 .net "i_lui", 0 0, L_0x132033cb0;  1 drivers
v0x132012330_0 .net "i_lw", 0 0, L_0x132024520;  1 drivers
v0x1320123d0_0 .net "i_or", 0 0, L_0x132018780;  1 drivers
v0x132012470_0 .net "i_ori", 0 0, L_0x132026d20;  1 drivers
v0x132012510_0 .net "i_sb", 0 0, L_0x13202f3c0;  1 drivers
v0x1320125b0_0 .net "i_sh", 0 0, L_0x13202ec80;  1 drivers
v0x132012650_0 .net "i_sll", 0 0, L_0x13201cd80;  1 drivers
v0x1320126f0_0 .net "i_slli", 0 0, L_0x13202bbf0;  1 drivers
v0x132012790_0 .net "i_slt", 0 0, L_0x132020d40;  1 drivers
v0x132012830_0 .net "i_slti", 0 0, L_0x13202c240;  1 drivers
v0x1320128d0_0 .net "i_sltiu", 0 0, L_0x13202c7e0;  1 drivers
v0x132012970_0 .net "i_sltu", 0 0, L_0x1320223f0;  1 drivers
v0x132012a10_0 .net "i_sra", 0 0, L_0x13201dfe0;  1 drivers
v0x132012ab0_0 .net "i_srai", 0 0, L_0x132028e30;  1 drivers
v0x132012b50_0 .net "i_srl", 0 0, L_0x13201f5f0;  1 drivers
v0x132012bf0_0 .net "i_srli", 0 0, L_0x13202a470;  1 drivers
v0x132012c90_0 .net "i_sub", 0 0, L_0x132016d20;  1 drivers
v0x132012d30_0 .net "i_sw", 0 0, L_0x13202e630;  1 drivers
v0x132012dd0_0 .net "i_xor", 0 0, L_0x13201b2c0;  1 drivers
v0x132012e70_0 .net "i_xori", 0 0, L_0x1320273b0;  1 drivers
v0x132012f10_0 .net "itype_l", 0 0, L_0x132023260;  1 drivers
v0x132012fb0_0 .net "itype_r", 0 0, L_0x132026060;  1 drivers
v0x132013050_0 .net "rtype", 0 0, L_0x132014000;  1 drivers
v0x1320130f0_0 .net "sbtype", 0 0, L_0x1320300b0;  1 drivers
v0x132013190_0 .net "stype", 0 0, L_0x13202dfc0;  1 drivers
L_0x132013370 .part o0x1380401c0, 6, 1;
L_0x132013450 .part o0x1380401c0, 5, 1;
L_0x132013620 .part o0x1380401c0, 4, 1;
L_0x1320137f0 .part o0x1380401c0, 3, 1;
L_0x132013ae0 .part o0x1380401c0, 2, 1;
L_0x132013d90 .part o0x1380401c0, 1, 1;
L_0x132013f20 .part o0x1380401c0, 0, 1;
L_0x132014140 .part o0x138040100, 6, 1;
L_0x1320143c0 .part o0x138040100, 5, 1;
L_0x132014680 .part o0x138040100, 4, 1;
L_0x132014900 .part o0x138040100, 3, 1;
L_0x132014c10 .part o0x138040100, 2, 1;
L_0x132014e80 .part o0x138040100, 1, 1;
L_0x132014de0 .part o0x138040100, 0, 1;
L_0x132015380 .part o0x1380400d0, 2, 1;
L_0x132015640 .part o0x1380400d0, 1, 1;
L_0x1320158f0 .part o0x1380400d0, 0, 1;
L_0x132015b90 .part o0x138040100, 6, 1;
L_0x132015e70 .part o0x138040100, 5, 1;
L_0x132015f80 .part o0x138040100, 4, 1;
L_0x1320161e0 .part o0x138040100, 3, 1;
L_0x132016470 .part o0x138040100, 2, 1;
L_0x1320166f0 .part o0x138040100, 1, 1;
L_0x132016640 .part o0x138040100, 0, 1;
L_0x132016c00 .part o0x1380400d0, 2, 1;
L_0x132016af0 .part o0x1380400d0, 1, 1;
L_0x132017170 .part o0x1380400d0, 0, 1;
L_0x132017040 .part o0x138040100, 6, 1;
L_0x1320176b0 .part o0x138040100, 5, 1;
L_0x1320175a0 .part o0x138040100, 4, 1;
L_0x132017ce0 .part o0x138040100, 3, 1;
L_0x132017c20 .part o0x138040100, 2, 1;
L_0x132017eb0 .part o0x138040100, 1, 1;
L_0x1320180e0 .part o0x138040100, 0, 1;
L_0x132018420 .part o0x1380400d0, 2, 1;
L_0x132018530 .part o0x1380400d0, 1, 1;
L_0x132018ab0 .part o0x1380400d0, 0, 1;
L_0x132018890 .part o0x138040100, 6, 1;
L_0x132018f10 .part o0x138040100, 5, 1;
L_0x132018d30 .part o0x138040100, 4, 1;
L_0x132019420 .part o0x138040100, 3, 1;
L_0x132019170 .part o0x138040100, 2, 1;
L_0x132019910 .part o0x138040100, 1, 1;
L_0x132019680 .part o0x138040100, 0, 1;
L_0x132019e10 .part o0x1380400d0, 2, 1;
L_0x132019ac0 .part o0x1380400d0, 1, 1;
L_0x132019c70 .part o0x1380400d0, 0, 1;
L_0x132019f50 .part o0x138040100, 6, 1;
L_0x13201a170 .part o0x138040100, 5, 1;
L_0x13201a3f0 .part o0x138040100, 4, 1;
L_0x13201ab40 .part o0x138040100, 3, 1;
L_0x13201a7b0 .part o0x138040100, 2, 1;
L_0x13201aa10 .part o0x138040100, 1, 1;
L_0x13201abe0 .part o0x138040100, 0, 1;
L_0x13201add0 .part o0x1380400d0, 2, 1;
L_0x13201af80 .part o0x1380400d0, 1, 1;
L_0x13201b170 .part o0x1380400d0, 0, 1;
L_0x13201b3d0 .part o0x138040100, 6, 1;
L_0x13201b670 .part o0x138040100, 5, 1;
L_0x13201b8f0 .part o0x138040100, 4, 1;
L_0x13201bb50 .part o0x138040100, 3, 1;
L_0x13201c340 .part o0x138040100, 2, 1;
L_0x13201c0b0 .part o0x138040100, 1, 1;
L_0x13201c150 .part o0x138040100, 0, 1;
L_0x13201c510 .part o0x1380400d0, 2, 1;
L_0x13201c860 .part o0x1380400d0, 1, 1;
L_0x13201cac0 .part o0x1380400d0, 0, 1;
L_0x13201ce90 .part o0x138040100, 6, 1;
L_0x13201d4d0 .part o0x138040100, 5, 1;
L_0x13201ccd0 .part o0x138040100, 4, 1;
L_0x13201d180 .part o0x138040100, 3, 1;
L_0x13201d5f0 .part o0x138040100, 2, 1;
L_0x13201d830 .part o0x138040100, 1, 1;
L_0x13201da90 .part o0x138040100, 0, 1;
L_0x13201df40 .part o0x1380400d0, 2, 1;
L_0x13201dca0 .part o0x1380400d0, 1, 1;
L_0x13201e370 .part o0x1380400d0, 0, 1;
L_0x13201e0f0 .part o0x138040100, 6, 1;
L_0x13201e6c0 .part o0x138040100, 5, 1;
L_0x13201e5d0 .part o0x138040100, 4, 1;
L_0x13201eba0 .part o0x138040100, 3, 1;
L_0x13201e920 .part o0x138040100, 2, 1;
L_0x13201f070 .part o0x138040100, 1, 1;
L_0x13201ee00 .part o0x138040100, 0, 1;
L_0x13201f550 .part o0x1380400d0, 2, 1;
L_0x13201f220 .part o0x1380400d0, 1, 1;
L_0x13201f990 .part o0x1380400d0, 0, 1;
L_0x13201f6e0 .part o0x138040100, 6, 1;
L_0x13201fd50 .part o0x138040100, 5, 1;
L_0x13201fc10 .part o0x138040100, 4, 1;
L_0x132020240 .part o0x138040100, 3, 1;
L_0x13201ffb0 .part o0x138040100, 2, 1;
L_0x132020710 .part o0x138040100, 1, 1;
L_0x1320204a0 .part o0x138040100, 0, 1;
L_0x132020bf0 .part o0x1380400d0, 2, 1;
L_0x132020970 .part o0x1380400d0, 1, 1;
L_0x132021010 .part o0x1380400d0, 0, 1;
L_0x132020e50 .part o0x138040100, 6, 1;
L_0x1320214b0 .part o0x138040100, 5, 1;
L_0x132021290 .part o0x138040100, 4, 1;
L_0x1320219a0 .part o0x138040100, 3, 1;
L_0x132021710 .part o0x138040100, 2, 1;
L_0x132021e80 .part o0x138040100, 1, 1;
L_0x132021c00 .part o0x138040100, 0, 1;
L_0x132022350 .part o0x1380400d0, 2, 1;
L_0x1320220e0 .part o0x1380400d0, 1, 1;
L_0x132022780 .part o0x1380400d0, 0, 1;
L_0x132022500 .part o0x1380401c0, 6, 1;
L_0x132022b80 .part o0x1380401c0, 5, 1;
L_0x1320229a0 .part o0x1380401c0, 4, 1;
L_0x132023010 .part o0x1380401c0, 3, 1;
L_0x132022de0 .part o0x1380401c0, 2, 1;
L_0x1320234e0 .part o0x1380401c0, 1, 1;
L_0x1320231c0 .part o0x1380401c0, 0, 1;
L_0x132023370 .part o0x1380400d0, 2, 1;
L_0x132023ac0 .part o0x1380400d0, 1, 1;
L_0x132023b60 .part o0x1380400d0, 0, 1;
L_0x132023700 .part o0x1380400d0, 2, 1;
L_0x132023fb0 .part o0x1380400d0, 1, 1;
L_0x132023de0 .part o0x1380400d0, 0, 1;
L_0x132024410 .part o0x1380400d0, 2, 1;
L_0x1320241f0 .part o0x1380400d0, 1, 1;
L_0x132024880 .part o0x1380400d0, 0, 1;
L_0x132024630 .part o0x1380400d0, 2, 1;
L_0x1320247a0 .part o0x1380400d0, 1, 1;
L_0x132024eb0 .part o0x1380400d0, 0, 1;
L_0x132025110 .part o0x1380400d0, 2, 1;
L_0x1320249f0 .part o0x1380400d0, 1, 1;
L_0x132024c70 .part o0x1380400d0, 0, 1;
L_0x1320252c0 .part o0x1380401c0, 6, 1;
L_0x132025410 .part o0x1380401c0, 5, 1;
L_0x1320257a0 .part o0x1380401c0, 4, 1;
L_0x132025950 .part o0x1380401c0, 3, 1;
L_0x132025bb0 .part o0x1380401c0, 2, 1;
L_0x132025e10 .part o0x1380401c0, 1, 1;
L_0x132025fc0 .part o0x1380401c0, 0, 1;
L_0x132026170 .part o0x1380400d0, 2, 1;
L_0x1320263d0 .part o0x1380400d0, 1, 1;
L_0x132026630 .part o0x1380400d0, 0, 1;
L_0x132026890 .part o0x1380400d0, 2, 1;
L_0x132026a00 .part o0x1380400d0, 1, 1;
L_0x132026bd0 .part o0x1380400d0, 0, 1;
L_0x132026e30 .part o0x1380400d0, 2, 1;
L_0x132026fe0 .part o0x1380400d0, 1, 1;
L_0x132027260 .part o0x1380400d0, 0, 1;
L_0x1320274c0 .part o0x1380400d0, 2, 1;
L_0x132027630 .part o0x1380400d0, 1, 1;
L_0x132027800 .part o0x1380400d0, 0, 1;
L_0x1320279b0 .part o0x138040100, 6, 1;
L_0x132027bd0 .part o0x138040100, 5, 1;
L_0x132027da0 .part o0x138040100, 4, 1;
L_0x132028000 .part o0x138040100, 3, 1;
L_0x132028260 .part o0x138040100, 2, 1;
L_0x1320284c0 .part o0x138040100, 1, 1;
L_0x132028720 .part o0x138040100, 0, 1;
L_0x132028980 .part o0x1380400d0, 2, 1;
L_0x132028b30 .part o0x1380400d0, 1, 1;
L_0x132028d90 .part o0x1380400d0, 0, 1;
L_0x132028f40 .part o0x138040100, 6, 1;
L_0x132029160 .part o0x138040100, 5, 1;
L_0x1320293e0 .part o0x138040100, 4, 1;
L_0x132029640 .part o0x138040100, 3, 1;
L_0x1320298a0 .part o0x138040100, 2, 1;
L_0x132029b00 .part o0x138040100, 1, 1;
L_0x132029d60 .part o0x138040100, 0, 1;
L_0x132029fc0 .part o0x1380400d0, 2, 1;
L_0x13202a170 .part o0x1380400d0, 1, 1;
L_0x13202a3d0 .part o0x1380400d0, 0, 1;
L_0x13202a580 .part o0x138040100, 6, 1;
L_0x13202a8a0 .part o0x138040100, 5, 1;
L_0x13202aab0 .part o0x138040100, 4, 1;
L_0x13202ad10 .part o0x138040100, 3, 1;
L_0x13202af70 .part o0x138040100, 2, 1;
L_0x13202b1d0 .part o0x138040100, 1, 1;
L_0x13202b430 .part o0x138040100, 0, 1;
L_0x13202b690 .part o0x1380400d0, 2, 1;
L_0x13202b8f0 .part o0x1380400d0, 1, 1;
L_0x13202bb50 .part o0x1380400d0, 0, 1;
L_0x13202bd00 .part o0x1380400d0, 2, 1;
L_0x13202bf20 .part o0x1380400d0, 1, 1;
L_0x13202c0f0 .part o0x1380400d0, 0, 1;
L_0x13202c350 .part o0x1380400d0, 2, 1;
L_0x13202c570 .part o0x1380400d0, 1, 1;
L_0x13202c740 .part o0x1380400d0, 0, 1;
L_0x13202c8f0 .part o0x1380401c0, 6, 1;
L_0x13202c990 .part o0x1380401c0, 5, 1;
L_0x13202cb60 .part o0x1380401c0, 4, 1;
L_0x13202cdc0 .part o0x1380401c0, 3, 1;
L_0x13202d020 .part o0x1380401c0, 2, 1;
L_0x13202d1d0 .part o0x1380401c0, 1, 1;
L_0x13202d380 .part o0x1380401c0, 0, 1;
L_0x13202d530 .part o0x1380401c0, 6, 1;
L_0x13202d680 .part o0x1380401c0, 5, 1;
L_0x13202d850 .part o0x1380401c0, 4, 1;
L_0x13202dab0 .part o0x1380401c0, 3, 1;
L_0x13202db50 .part o0x1380401c0, 2, 1;
L_0x13202dd70 .part o0x1380401c0, 1, 1;
L_0x13202df20 .part o0x1380401c0, 0, 1;
L_0x13202e0d0 .part o0x1380400d0, 2, 1;
L_0x13202e330 .part o0x1380400d0, 1, 1;
L_0x13202e4e0 .part o0x1380400d0, 0, 1;
L_0x13202e740 .part o0x1380400d0, 2, 1;
L_0x13202e960 .part o0x1380400d0, 1, 1;
L_0x13202ebe0 .part o0x1380400d0, 0, 1;
L_0x13202ed90 .part o0x1380400d0, 2, 1;
L_0x13202eff0 .part o0x1380400d0, 1, 1;
L_0x13202f270 .part o0x1380400d0, 0, 1;
L_0x13202f4d0 .part o0x1380401c0, 6, 1;
L_0x13202f570 .part o0x1380401c0, 5, 1;
L_0x13202f740 .part o0x1380401c0, 4, 1;
L_0x13202f9a0 .part o0x1380401c0, 3, 1;
L_0x13202fc00 .part o0x1380401c0, 2, 1;
L_0x13202fe60 .part o0x1380401c0, 1, 1;
L_0x132030010 .part o0x1380401c0, 0, 1;
L_0x1320301c0 .part o0x1380400d0, 2, 1;
L_0x132030420 .part o0x1380400d0, 1, 1;
L_0x132030680 .part o0x1380400d0, 0, 1;
L_0x1320308e0 .part o0x1380400d0, 2, 1;
L_0x132030b00 .part o0x1380400d0, 1, 1;
L_0x132030d80 .part o0x1380400d0, 0, 1;
L_0x132030f30 .part o0x1380400d0, 2, 1;
L_0x1320310e0 .part o0x1380400d0, 1, 1;
L_0x132031360 .part o0x1380400d0, 0, 1;
L_0x1320315c0 .part o0x1380400d0, 2, 1;
L_0x132031730 .part o0x1380400d0, 1, 1;
L_0x1320319b0 .part o0x1380400d0, 0, 1;
L_0x132031b60 .part o0x1380400d0, 2, 1;
L_0x132031cd0 .part o0x1380400d0, 1, 1;
L_0x132031ea0 .part o0x1380400d0, 0, 1;
L_0x132032100 .part o0x1380400d0, 2, 1;
L_0x132032270 .part o0x1380400d0, 1, 1;
L_0x132032440 .part o0x1380400d0, 0, 1;
L_0x1320325f0 .part o0x1380401c0, 6, 1;
L_0x132032690 .part o0x1380401c0, 5, 1;
L_0x132032860 .part o0x1380401c0, 4, 1;
L_0x132032ac0 .part o0x1380401c0, 3, 1;
L_0x132032c70 .part o0x1380401c0, 2, 1;
L_0x132032e20 .part o0x1380401c0, 1, 1;
L_0x132032fd0 .part o0x1380401c0, 0, 1;
L_0x132033180 .part o0x1380401c0, 6, 1;
L_0x1320332d0 .part o0x1380401c0, 5, 1;
L_0x1320334a0 .part o0x1380401c0, 4, 1;
L_0x132033650 .part o0x1380401c0, 3, 1;
L_0x1320338b0 .part o0x1380401c0, 2, 1;
L_0x132033a60 .part o0x1380401c0, 1, 1;
L_0x132033c10 .part o0x1380401c0, 0, 1;
L_0x132033dc0 .part o0x1380401c0, 6, 1;
L_0x132033f10 .part o0x1380401c0, 5, 1;
L_0x132034190 .part o0x1380401c0, 4, 1;
L_0x132034340 .part o0x1380401c0, 3, 1;
L_0x1320345a0 .part o0x1380401c0, 2, 1;
L_0x132034750 .part o0x1380401c0, 1, 1;
L_0x132034900 .part o0x1380401c0, 0, 1;
LS_0x132036140_0_0 .concat8 [ 1 1 1 1], L_0x132036320, L_0x132036010, L_0x132035e80, L_0x132035e10;
LS_0x132036140_0_4 .concat8 [ 1 1 0 0], L_0x132035d60, L_0x1320356b0;
L_0x132036140 .concat8 [ 4 2 0 0], LS_0x132036140_0_0, LS_0x132036140_0_4;
L_0x132036800 .concat8 [ 1 1 1 0], L_0x132036500, L_0x132036750, L_0x132036ac0;
L_0x132036cb0 .concat8 [ 1 1 1 0], L_0x132036bb0, L_0x132036c20, L_0x132036e10;
LS_0x13203a180_0_0 .concat8 [ 1 1 1 1], L_0x132037cb0, L_0x132038ab0, L_0x1320394a0, L_0x13203a0d0;
LS_0x13203a180_0_4 .concat8 [ 1 0 0 0], L_0x13203a5c0;
L_0x13203a180 .concat8 [ 4 1 0 0], LS_0x13203a180_0_0, LS_0x13203a180_0_4;
L_0x13203aa30 .concat8 [ 1 1 1 0], L_0x13203a7a0, L_0x13203a900, L_0x13203ab50;
# The file index is used to find the file name in the following table.
:file_names 3;
    "N/A";
    "<interactive>";
    "ctrl.v";
